<?xml version="1.0" encoding="utf-8"?><testsuites name="pytest tests"><testsuite name="pytest" errors="0" failures="0" skipped="0" tests="163" time="1.679" timestamp="2026-07-28T07:58:47.940176+09:00" hostname="Moon"><testcase classname="tests.contracts.openapi.test_openapi_contract" name="test_openapi_version_base_path_and_operation_inventory" time="0.045" /><testcase classname="tests.contracts.openapi.test_openapi_contract" name="test_every_operation_has_explicit_security_and_capability" time="0.000" /><testcase classname="tests.contracts.openapi.test_openapi_contract" name="test_all_mutations_require_idempotency_key" time="0.000" /><testcase classname="tests.contracts.openapi.test_openapi_contract" name="test_state_transitions_have_revision_preconditions" time="0.000" /><testcase classname="tests.contracts.openapi.test_openapi_contract" name="test_async_operations_share_location_retry_after_and_run_handle" time="0.000" /><testcase classname="tests.contracts.openapi.test_openapi_contract" name="test_transport_envelopes_are_openapi_only" time="0.015" /><testcase classname="tests.contracts.openapi.test_openapi_contract" name="test_every_external_scientific_ref_resolves_to_canonical_schema" time="0.148" /><testcase classname="tests.contracts.openapi.test_openapi_contract" name="test_cursor_contract_is_snapshot_bound_and_offset_free" time="0.001" /><testcase classname="tests.contracts.openapi.test_openapi_contract" name="test_problem_json_contract_and_status_mapping" time="0.000" /><testcase classname="tests.contracts.openapi.test_openapi_contract" name="test_candidate_and_backend_identities_cannot_receive_authority_capabilities" time="0.000" /><testcase classname="tests.contracts.openapi.test_openapi_contract" name="test_approval_command_cannot_assert_authority_role" time="0.000" /><testcase classname="tests.contracts.openapi.test_openapi_contract" name="test_document_registration_requires_exactly_one_source" time="0.000" /><testcase classname="tests.contracts.openapi.test_openapi_contract" name="test_embedded_transport_examples_validate" time="0.001" /><testcase classname="tests.contracts.openapi.test_openapi_contract" name="test_json_polling_is_canonical_and_sse_is_projection" time="0.000" /><testcase classname="tests.contracts.openapi.test_openapi_contract" name="test_get_operations_have_no_mutating_query_parameters" time="0.000" /><testcase classname="tests.contracts.openapi.test_openapi_contract" name="test_api_docs_do_not_claim_master_spec_section_18_authority" time="0.000" /><testcase classname="tests.contracts.openapi.test_scientific_contracts" name="test_all_124_schemas_meta_validate_and_have_unique_ids" time="0.444" /><testcase classname="tests.contracts.openapi.test_scientific_contracts" name="test_all_124_examples_validate_and_map_one_to_one" time="0.072" /><testcase classname="tests.contracts.openapi.test_scientific_contracts" name="test_legacy_promotion_values_are_absent_from_canonical_json" time="0.026" /><testcase classname="tests.contracts.openapi.test_scientific_contracts" name="test_evolution_fixture_has_complete_resolved_reference_inventory" time="0.000" /><testcase classname="tests.contracts.openapi.test_scientific_contracts" name="test_evolution_fixture_hash_recomputes_after_schema_declared_sorting" time="0.001" /><testcase classname="tests.contracts.openapi.test_scientific_contracts" name="test_floating_reference_versions_are_rejected[main]" time="0.006" /><testcase classname="tests.contracts.openapi.test_scientific_contracts" name="test_floating_reference_versions_are_rejected[MAIN]" time="0.005" /><testcase classname="tests.contracts.openapi.test_scientific_contracts" name="test_floating_reference_versions_are_rejected[latest]" time="0.006" /><testcase classname="tests.contracts.openapi.test_scientific_contracts" name="test_floating_reference_versions_are_rejected[release/latest]" time="0.006" /><testcase classname="tests.contracts.openapi.test_scientific_contracts" name="test_floating_reference_versions_are_rejected[&gt;=4.0]" time="0.006" /><testcase classname="tests.contracts.openapi.test_scientific_contracts" name="test_floating_reference_versions_are_rejected[^4.0]" time="0.005" /><testcase classname="tests.contracts.openapi.test_scientific_contracts" name="test_floating_reference_versions_are_rejected[4.*]" time="0.005" /><testcase classname="tests.contracts.openapi.test_scientific_contracts" name="test_cwd_and_repo_relative_locators_are_rejected" time="0.015" /><testcase classname="tests.contracts.openapi.test_scientific_contracts" name="test_external_backend_requires_an_immutable_source_pin" time="0.011" /><testcase classname="tests.contracts.openapi.test_scientific_contracts" name="test_provider_without_snapshot_discloses_reproducibility_ceiling" time="0.011" /><testcase classname="tests.contracts.openapi.test_scientific_contracts" name="test_sealed_evaluator_mutation_invalidates_spec_hash" time="0.001" /><testcase classname="tests.contracts.openapi.test_scientific_contracts" name="test_promotion_fixture_is_conditional_at_partial_replication_ceiling" time="0.001" /><testcase classname="tests.contracts.openapi.test_scientific_contracts" name="test_promote_requires_and_accepts_an_exact_requested_level_grant" time="0.002" /><testcase classname="tests.contracts.openapi.test_scientific_contracts" name="test_conditional_rejects_null_or_requested_level_grants[None]" time="0.001" /><testcase classname="tests.contracts.openapi.test_scientific_contracts" name="test_conditional_rejects_null_or_requested_level_grants[EMPIRICALLY_TESTED]" time="0.001" /><testcase classname="tests.contracts.openapi.test_scientific_contracts" name="test_non_granting_decisions_require_null_and_accept_no_new_level[REJECT]" time="0.001" /><testcase classname="tests.contracts.openapi.test_scientific_contracts" name="test_non_granting_decisions_require_null_and_accept_no_new_level[UNDERDETERMINED]" time="0.002" /><testcase classname="tests.contracts.openapi.test_scientific_contracts" name="test_non_granting_decisions_require_null_and_accept_no_new_level[BLOCKED]" time="0.002" /><testcase classname="tests.contracts.openapi.test_scientific_contracts" name="test_granted_level_remains_required_and_null_is_decision_scoped" time="0.001" /><testcase classname="tests.contracts.openapi.test_scientific_contracts" name="test_promotion_gate_decisions_must_follow_the_canonical_order" time="0.001" /><testcase classname="tests.contracts.openapi.test_scientific_contracts" name="test_nonpassing_hard_gates_cannot_promote[FAIL]" time="0.001" /><testcase classname="tests.contracts.openapi.test_scientific_contracts" name="test_nonpassing_hard_gates_cannot_promote[PARTIAL]" time="0.001" /><testcase classname="tests.contracts.openapi.test_scientific_contracts" name="test_promotion_level_vocabulary_is_closed_and_shared_with_adjudication" time="0.001" /><testcase classname="tests.contracts.openapi.test_scientific_contracts" name="test_promotion_order_and_replication_ceiling_are_schema_enforced[mutation0-granted_level]" time="0.001" /><testcase classname="tests.contracts.openapi.test_scientific_contracts" name="test_promotion_order_and_replication_ceiling_are_schema_enforced[mutation1-granted_level]" time="0.001" /><testcase classname="tests.contracts.openapi.test_scientific_contracts" name="test_promotion_order_and_replication_ceiling_are_schema_enforced[mutation2-promotion_ceiling]" time="0.001" /><testcase classname="tests.contracts.openapi.test_scientific_contracts" name="test_promotion_order_and_replication_ceiling_are_schema_enforced[mutation3-decision]" time="0.001" /><testcase classname="tests.contracts.openapi.test_scientific_contracts" name="test_promotion_order_and_replication_ceiling_are_schema_enforced[mutation4-unresolved_limitations]" time="0.001" /><testcase classname="tests.contracts.openapi.test_scientific_contracts" name="test_promotion_order_and_replication_ceiling_are_schema_enforced[mutation5-replication_status]" time="0.001" /><testcase classname="tests.contracts.openapi.test_scientific_contracts" name="test_promotion_rejects_missing_ceiling_pack_gate_or_receipt_link[promotion_ceiling]" time="0.001" /><testcase classname="tests.contracts.openapi.test_scientific_contracts" name="test_promotion_rejects_missing_ceiling_pack_gate_or_receipt_link[phase_e_artifact_set_id]" time="0.001" /><testcase classname="tests.contracts.openapi.test_scientific_contracts" name="test_promotion_rejects_missing_ceiling_pack_gate_or_receipt_link[promotion_pack_artifact_ids]" time="0.001" /><testcase classname="tests.contracts.openapi.test_scientific_contracts" name="test_promotion_rejects_missing_ceiling_pack_gate_or_receipt_link[gate_decision_ids]" time="0.001" /><testcase classname="tests.contracts.openapi.test_scientific_contracts" name="test_promotion_rejects_missing_ceiling_pack_gate_or_receipt_link[artifact_receipt_ids]" time="0.002" /><testcase classname="tests.contracts.openapi.test_scientific_contracts" name="test_promotion_rejects_missing_ceiling_pack_gate_or_receipt_link[effect_receipt_id]" time="0.001" /><testcase classname="tests.contracts.openapi.test_scientific_contracts" name="test_promotion_rejects_missing_ceiling_pack_gate_or_receipt_link[request_action_intent_id]" time="0.001" /><testcase classname="tests.contracts.openapi.test_scientific_contracts" name="test_promotion_rejects_missing_ceiling_pack_gate_or_receipt_link[commit_action_intent_id]" time="0.001" /><testcase classname="tests.contracts.openapi.test_scientific_contracts" name="test_promotion_rejects_missing_ceiling_pack_gate_or_receipt_link[policy_bundle_hash]" time="0.001" /><testcase classname="tests.contracts.openapi.test_scientific_contracts" name="test_promotion_rejects_missing_ceiling_pack_gate_or_receipt_link[idempotency_key]" time="0.001" /><testcase classname="tests.contracts.openapi.test_scientific_contracts" name="test_scalar_only_promotion_is_not_schema_valid" time="0.001" /><testcase classname="tests.contracts.openapi.test_scientific_contracts" name="test_phase_e_annotation_declares_receipt_bound_promotion_pack" time="0.001" /><testcase classname="tests.contracts.openapi.test_scientific_contracts" name="test_cross_artifact_self_approval_is_a_non_waivable_rejection" time="0.001" /><testcase classname="tests.contracts.openapi.test_scientific_contracts" name="test_non_waivable_gate_decision_cannot_be_waived" time="0.001" /><testcase classname="tests.contracts.openapi.test_scientific_contracts" name="test_waivable_gate_requires_explicit_waiver_evidence" time="0.001" /><testcase classname="tests.contracts.openapi.test_scientific_contracts" name="test_a05_negative_registry_covers_all_required_c01_rejections" time="0.001" /><testcase classname="tests.test_contracts" name="test_registry_loads_every_canonical_schema" time="0.001" /><testcase classname="tests.test_contracts" name="test_unknown_schema_fails_closed" time="0.000" /><testcase classname="tests.test_contracts" name="test_shipped_examples_validate_against_their_schemas" time="0.115" /><testcase classname="tests.test_contracts" name="test_validation_reports_every_error_not_just_the_first" time="0.000" /><testcase classname="tests.test_contracts" name="test_invalid_enum_is_rejected" time="0.001" /><testcase classname="tests.test_wire_literal_discipline" name="test_shared_vocabularies_are_declared_in_exactly_one_module" time="0.094" /><testcase classname="tests.test_wire_literal_discipline" name="test_each_shared_vocabulary_is_actually_declared_somewhere" time="0.003" /><testcase classname="tests.test_wire_literal_discipline" name="test_receipt_actor_literal_matches_the_enum" time="0.000" /><testcase classname="tests.test_wire_literal_discipline" name="test_every_module_holding_schema_vocabulary_is_a_declared_owner" time="0.036" /><testcase classname="tests.test_wire_literal_discipline" name="test_the_scan_actually_finds_schema_vocabulary" time="0.003" /><testcase classname="tests.test_evolution_chamber" name="test_ordinary_field_mutation_is_allowed" time="0.000" /><testcase classname="tests.test_evolution_chamber" name="test_evaluator_rebinding_is_refused" time="0.000" /><testcase classname="tests.test_evolution_chamber" name="test_holdout_rebinding_is_refused" time="0.000" /><testcase classname="tests.test_evolution_chamber" name="test_self_promotion_is_refused" time="0.000" /><testcase classname="tests.test_evolution_chamber" name="test_ledger_history_rewrite_is_refused" time="0.000" /><testcase classname="tests.test_evolution_chamber" name="test_no_op_write_to_an_authority_field_is_still_refused" time="0.000" /><testcase classname="tests.test_evolution_chamber" name="test_forbidden_set_covers_the_named_authority_surfaces" time="0.000" /><testcase classname="tests.test_evolution_chamber" name="test_receipt_diff_is_derived_from_the_candidates" time="0.001" /><testcase classname="tests.test_evolution_chamber" name="test_receipt_catches_an_operator_that_edits_more_than_it_admits" time="0.000" /><testcase classname="tests.test_evolution_chamber" name="test_receipt_requires_an_input_candidate" time="0.000" /><testcase classname="tests.test_evolution_chamber" name="test_run_spec_pins_evaluator_and_holdout" time="0.007" /><testcase classname="tests.test_evolution_chamber" name="test_missing_resolved_refs_is_rejected_at_the_write_boundary" time="0.001" /><testcase classname="tests.test_evolution_chamber" name="test_empty_or_null_resolved_refs_is_rejected[None]" time="0.001" /><testcase classname="tests.test_evolution_chamber" name="test_empty_or_null_resolved_refs_is_rejected[resolved_refs1]" time="0.001" /><testcase classname="tests.test_evolution_chamber" name="test_floating_reference_is_rejected" time="0.001" /><testcase classname="tests.test_evolution_chamber" name="test_version_range_is_rejected" time="0.001" /><testcase classname="tests.test_evolution_chamber" name="test_invalid_reference_hash_is_rejected" time="0.001" /><testcase classname="tests.test_evolution_chamber" name="test_unversioned_provider_alias_is_rejected" time="0.001" /><testcase classname="tests.test_evolution_chamber" name="test_external_backend_requires_an_immutable_source_pin" time="0.007" /><testcase classname="tests.test_evolution_chamber" name="test_disabled_external_backend_rejects_a_manifest" time="0.001" /><testcase classname="tests.test_evolution_chamber" name="test_top_level_authority_ids_must_match_resolved_refs" time="0.001" /><testcase classname="tests.test_evolution_chamber" name="test_builder_copies_refs_before_sealing" time="0.006" /><testcase classname="tests.test_evolution_chamber" name="test_unbounded_run_is_refused" time="0.001" /><testcase classname="tests.test_evolution_chamber" name="test_run_without_a_seed_genome_is_refused" time="0.001" /><testcase classname="tests.test_evolution_chamber" name="test_evaluator_swap_between_specs_is_detectable" time="0.017" /><testcase classname="tests.test_evolution_chamber" name="test_evaluator_content_swap_is_detectable_even_when_logical_id_is_stable" time="0.006" /><testcase classname="tests.test_evolution_chamber" name="test_resolvable_legacy_spec_emits_migration_record" time="0.006" /><testcase classname="tests.test_evolution_chamber" name="test_unresolvable_legacy_spec_fails_closed" time="0.001" /><testcase classname="tests.test_evolution_chamber" name="test_legacy_migration_requires_resolution_evidence" time="0.001" /><testcase classname="tests.test_evolution_chamber" name="test_legacy_migration_never_overwrites_the_original_run_id" time="0.001" /><testcase classname="tests.test_evolution_chamber" name="test_legacy_migration_has_hash_bound_rollback" time="0.006" /><testcase classname="tests.test_evolution_chamber" name="test_migration_fixture_executes_forward_transform_and_exact_rollback" time="0.012" /><testcase classname="tests.test_evolution_chamber" name="test_compatibility_matrix_is_fail_closed_and_has_backfill_rollback" time="0.001" /><testcase classname="tests.test_governance" name="test_promotion_request_exposes_no_scalar_score_field" time="0.000" /><testcase classname="tests.test_governance" name="test_complete_evidence_promotes" time="0.003" /><testcase classname="tests.test_governance" name="test_low_risk_candidate_uses_policy_backed_not_required_gates" time="0.002" /><testcase classname="tests.test_governance" name="test_not_required_cannot_replace_a_substantive_higher_level_gate" time="0.002" /><testcase classname="tests.test_governance" name="test_gate_decisions_are_structured_hash_bound_and_complete" time="0.001" /><testcase classname="tests.test_governance" name="test_missing_grounded_evidence_is_underdetermined" time="0.002" /><testcase classname="tests.test_governance" name="test_missing_dependency_correction_is_underdetermined" time="0.002" /><testcase classname="tests.test_governance" name="test_missing_parliament_adjudication_is_underdetermined" time="0.002" /><testcase classname="tests.test_governance" name="test_missing_multiplicity_accounting_is_underdetermined" time="0.002" /><testcase classname="tests.test_governance" name="test_absent_reference_sentinel_never_accompanies_a_promotion" time="0.006" /><testcase classname="tests.test_governance" name="test_unchallenged_candidate_is_underdetermined" time="0.002" /><testcase classname="tests.test_governance" name="test_required_replication_absent_is_underdetermined" time="0.002" /><testcase classname="tests.test_governance" name="test_required_human_approval_absent_is_underdetermined" time="0.003" /><testcase classname="tests.test_governance" name="test_incompatible_method_is_underdetermined" time="0.003" /><testcase classname="tests.test_governance" name="test_leakage_blocks_even_with_complete_evidence" time="0.003" /><testcase classname="tests.test_governance" name="test_failed_hard_cascade_blocks" time="0.003" /><testcase classname="tests.test_governance" name="test_partial_cascade_is_conditional_not_promotion" time="0.003" /><testcase classname="tests.test_governance" name="test_blocker_outranks_missing_requirements" time="0.003" /><testcase classname="tests.test_governance" name="test_canonical_promotion_enum_has_exact_order" time="0.000" /><testcase classname="tests.test_governance" name="test_promote_requires_requested_and_granted_equality" time="0.003" /><testcase classname="tests.test_governance" name="test_conditional_requires_a_non_null_strictly_lower_grant" time="0.004" /><testcase classname="tests.test_governance" name="test_conditional_cannot_exceed_replication_ceiling" time="0.002" /><testcase classname="tests.test_governance" name="test_non_granting_decisions_require_null[REJECT-overrides0]" time="0.003" /><testcase classname="tests.test_governance" name="test_non_granting_decisions_require_null[UNDERDETERMINED-overrides1]" time="0.003" /><testcase classname="tests.test_governance" name="test_non_granting_decisions_require_null[BLOCKED-overrides2]" time="0.003" /><testcase classname="tests.test_governance" name="test_legacy_levels_are_not_runtime_aliases[PILOT]" time="0.001" /><testcase classname="tests.test_governance" name="test_legacy_levels_are_not_runtime_aliases[HYPOTHESIS_PASSPORT_ONLY]" time="0.000" /><testcase classname="tests.test_governance" name="test_legacy_levels_are_not_runtime_aliases[SUPPORTED]" time="0.000" /><testcase classname="tests.test_governance" name="test_legacy_levels_are_not_runtime_aliases[NONE]" time="0.000" /><testcase classname="tests.test_governance" name="test_legacy_level_migration_requires_record_specific_review" time="0.007" /><testcase classname="tests.test_governance" name="test_downgrade_or_same_level_requires_separate_reassessment" time="0.001" /><testcase classname="tests.test_governance" name="test_idempotency_key_must_bind_the_sealed_request" time="0.002" /><testcase classname="tests.test_governance" name="test_correlated_evidence_counts_as_one_unit" time="0.000" /><testcase classname="tests.test_governance" name="test_adjustment_may_only_reduce_support" time="0.000" /><testcase classname="tests.test_governance" name="test_empty_cluster_is_refused" time="0.000" /><testcase classname="tests.test_governance" name="test_independent_units_are_counted_per_cluster" time="0.000" /><testcase classname="tests.test_governance" name="test_corrected_support_sums_adjusted_counts" time="0.001" /><testcase classname="tests.test_integration_forge_cycle" name="test_full_cycle_promotes_only_with_complete_evidence" time="0.069" /><testcase classname="tests.test_integration_forge_cycle" name="test_promotion_accepts_canonical_generated_gate_decisions" time="0.004" /><testcase classname="tests.test_integration_forge_cycle" name="test_partial_cascade_blocks_promotion_end_to_end" time="0.004" /><testcase classname="tests.test_integration_forge_cycle" name="test_failed_cascade_blocks_promotion_end_to_end" time="0.002" /><testcase classname="tests.test_integration_forge_cycle" name="test_leakage_invalidates_the_cycle" time="0.003" /><testcase classname="tests.test_integration_forge_cycle" name="test_export_is_refused_without_the_gate_the_parliament_saw" time="0.041" /><testcase classname="tests.test_integration_forge_cycle" name="test_unchallenged_candidate_cannot_promote_end_to_end" time="0.003" /><testcase classname="tests.test_integration_forge_cycle" name="test_refuted_candidate_cannot_promote_end_to_end" time="0.003" /><testcase classname="tests.test_integration_forge_cycle" name="test_inconclusive_challenge_cannot_promote_end_to_end" time="0.003" /><testcase classname="tests.test_integration_forge_cycle" name="test_surviving_every_challenge_promotes_end_to_end" time="0.003" /><testcase classname="tests.test_integration_forge_cycle" name="test_every_transition_is_recorded_in_the_ledger" time="0.046" /><testcase classname="tests.test_integration_forge_cycle" name="test_receipt_bound_promotion_commit_is_atomic" time="0.004" /><testcase classname="tests.test_integration_forge_cycle" name="test_crash_before_effect_receipt_does_not_promote" time="0.003" /><testcase classname="tests.test_integration_forge_cycle" name="test_stale_candidate_revision_fails_compare_and_swap" time="0.003" /><testcase classname="tests.test_integration_forge_cycle" name="test_same_idempotent_request_replays_the_original_result" time="0.004" /><testcase classname="tests.test_integration_forge_cycle" name="test_idempotency_key_reuse_with_different_request_conflicts" time="0.004" /><testcase classname="tests.test_integration_forge_cycle" name="test_blocked_decision_with_receipt_preserves_candidate_state" time="0.004" /></testsuite></testsuites>