<?xml version="1.0" encoding="utf-8"?><testsuites name="pytest tests"><testsuite name="pytest" errors="0" failures="0" skipped="0" tests="898" time="3.266" timestamp="2026-07-28T07:33:01.550698+09:00" hostname="Moon"><testcase classname="tests.contracts.openapi.test_openapi_contract" name="test_openapi_version_base_path_and_operation_inventory" time="0.046" /><testcase classname="tests.contracts.openapi.test_openapi_contract" name="test_every_operation_has_explicit_security_and_capability" time="0.000" /><testcase classname="tests.contracts.openapi.test_openapi_contract" name="test_all_mutations_require_idempotency_key" time="0.000" /><testcase classname="tests.contracts.openapi.test_openapi_contract" name="test_state_transitions_have_revision_preconditions" time="0.000" /><testcase classname="tests.contracts.openapi.test_openapi_contract" name="test_async_operations_share_location_retry_after_and_run_handle" time="0.000" /><testcase classname="tests.contracts.openapi.test_openapi_contract" name="test_transport_envelopes_are_openapi_only" time="0.014" /><testcase classname="tests.contracts.openapi.test_openapi_contract" name="test_every_external_scientific_ref_resolves_to_canonical_schema" time="0.149" /><testcase classname="tests.contracts.openapi.test_openapi_contract" name="test_cursor_contract_is_snapshot_bound_and_offset_free" time="0.001" /><testcase classname="tests.contracts.openapi.test_openapi_contract" name="test_problem_json_contract_and_status_mapping" time="0.000" /><testcase classname="tests.contracts.openapi.test_openapi_contract" name="test_candidate_and_backend_identities_cannot_receive_authority_capabilities" time="0.000" /><testcase classname="tests.contracts.openapi.test_openapi_contract" name="test_approval_command_cannot_assert_authority_role" time="0.000" /><testcase classname="tests.contracts.openapi.test_openapi_contract" name="test_document_registration_requires_exactly_one_source" time="0.000" /><testcase classname="tests.contracts.openapi.test_openapi_contract" name="test_embedded_transport_examples_validate" time="0.001" /><testcase classname="tests.contracts.openapi.test_openapi_contract" name="test_json_polling_is_canonical_and_sse_is_projection" time="0.000" /><testcase classname="tests.contracts.openapi.test_openapi_contract" name="test_get_operations_have_no_mutating_query_parameters" time="0.000" /><testcase classname="tests.contracts.openapi.test_openapi_contract" name="test_api_docs_do_not_claim_master_spec_section_18_authority" time="0.000" /><testcase classname="tests.contracts.openapi.test_scientific_contracts" name="test_all_124_schemas_meta_validate_and_have_unique_ids" time="0.446" /><testcase classname="tests.contracts.openapi.test_scientific_contracts" name="test_all_124_examples_validate_and_map_one_to_one" time="0.080" /><testcase classname="tests.contracts.openapi.test_scientific_contracts" name="test_legacy_promotion_values_are_absent_from_canonical_json" time="0.028" /><testcase classname="tests.contracts.openapi.test_scientific_contracts" name="test_evolution_fixture_has_complete_resolved_reference_inventory" time="0.001" /><testcase classname="tests.contracts.openapi.test_scientific_contracts" name="test_evolution_fixture_hash_recomputes_after_schema_declared_sorting" time="0.001" /><testcase classname="tests.contracts.openapi.test_scientific_contracts" name="test_floating_reference_versions_are_rejected[main]" time="0.006" /><testcase classname="tests.contracts.openapi.test_scientific_contracts" name="test_floating_reference_versions_are_rejected[MAIN]" time="0.006" /><testcase classname="tests.contracts.openapi.test_scientific_contracts" name="test_floating_reference_versions_are_rejected[latest]" time="0.006" /><testcase classname="tests.contracts.openapi.test_scientific_contracts" name="test_floating_reference_versions_are_rejected[release/latest]" time="0.006" /><testcase classname="tests.contracts.openapi.test_scientific_contracts" name="test_floating_reference_versions_are_rejected[&gt;=4.0]" time="0.006" /><testcase classname="tests.contracts.openapi.test_scientific_contracts" name="test_floating_reference_versions_are_rejected[^4.0]" time="0.006" /><testcase classname="tests.contracts.openapi.test_scientific_contracts" name="test_floating_reference_versions_are_rejected[4.*]" time="0.006" /><testcase classname="tests.contracts.openapi.test_scientific_contracts" name="test_cwd_and_repo_relative_locators_are_rejected" time="0.016" /><testcase classname="tests.contracts.openapi.test_scientific_contracts" name="test_external_backend_requires_an_immutable_source_pin" time="0.011" /><testcase classname="tests.contracts.openapi.test_scientific_contracts" name="test_provider_without_snapshot_discloses_reproducibility_ceiling" time="0.011" /><testcase classname="tests.contracts.openapi.test_scientific_contracts" name="test_sealed_evaluator_mutation_invalidates_spec_hash" time="0.001" /><testcase classname="tests.contracts.openapi.test_scientific_contracts" name="test_promotion_fixture_is_conditional_at_partial_replication_ceiling" time="0.000" /><testcase classname="tests.contracts.openapi.test_scientific_contracts" name="test_promote_requires_and_accepts_an_exact_requested_level_grant" time="0.002" /><testcase classname="tests.contracts.openapi.test_scientific_contracts" name="test_conditional_rejects_null_or_requested_level_grants[None]" time="0.001" /><testcase classname="tests.contracts.openapi.test_scientific_contracts" name="test_conditional_rejects_null_or_requested_level_grants[EMPIRICALLY_TESTED]" time="0.001" /><testcase classname="tests.contracts.openapi.test_scientific_contracts" name="test_non_granting_decisions_require_null_and_accept_no_new_level[REJECT]" time="0.002" /><testcase classname="tests.contracts.openapi.test_scientific_contracts" name="test_non_granting_decisions_require_null_and_accept_no_new_level[UNDERDETERMINED]" time="0.002" /><testcase classname="tests.contracts.openapi.test_scientific_contracts" name="test_non_granting_decisions_require_null_and_accept_no_new_level[BLOCKED]" time="0.002" /><testcase classname="tests.contracts.openapi.test_scientific_contracts" name="test_granted_level_remains_required_and_null_is_decision_scoped" time="0.001" /><testcase classname="tests.contracts.openapi.test_scientific_contracts" name="test_promotion_gate_decisions_must_follow_the_canonical_order" time="0.001" /><testcase classname="tests.contracts.openapi.test_scientific_contracts" name="test_nonpassing_hard_gates_cannot_promote[FAIL]" time="0.001" /><testcase classname="tests.contracts.openapi.test_scientific_contracts" name="test_nonpassing_hard_gates_cannot_promote[PARTIAL]" time="0.001" /><testcase classname="tests.contracts.openapi.test_scientific_contracts" name="test_promotion_level_vocabulary_is_closed_and_shared_with_adjudication" time="0.001" /><testcase classname="tests.contracts.openapi.test_scientific_contracts" name="test_promotion_order_and_replication_ceiling_are_schema_enforced[mutation0-granted_level]" time="0.001" /><testcase classname="tests.contracts.openapi.test_scientific_contracts" name="test_promotion_order_and_replication_ceiling_are_schema_enforced[mutation1-granted_level]" time="0.001" /><testcase classname="tests.contracts.openapi.test_scientific_contracts" name="test_promotion_order_and_replication_ceiling_are_schema_enforced[mutation2-promotion_ceiling]" time="0.001" /><testcase classname="tests.contracts.openapi.test_scientific_contracts" name="test_promotion_order_and_replication_ceiling_are_schema_enforced[mutation3-decision]" time="0.001" /><testcase classname="tests.contracts.openapi.test_scientific_contracts" name="test_promotion_order_and_replication_ceiling_are_schema_enforced[mutation4-unresolved_limitations]" time="0.001" /><testcase classname="tests.contracts.openapi.test_scientific_contracts" name="test_promotion_order_and_replication_ceiling_are_schema_enforced[mutation5-replication_status]" time="0.001" /><testcase classname="tests.contracts.openapi.test_scientific_contracts" name="test_promotion_rejects_missing_ceiling_pack_gate_or_receipt_link[promotion_ceiling]" time="0.001" /><testcase classname="tests.contracts.openapi.test_scientific_contracts" name="test_promotion_rejects_missing_ceiling_pack_gate_or_receipt_link[phase_e_artifact_set_id]" time="0.001" /><testcase classname="tests.contracts.openapi.test_scientific_contracts" name="test_promotion_rejects_missing_ceiling_pack_gate_or_receipt_link[promotion_pack_artifact_ids]" time="0.001" /><testcase classname="tests.contracts.openapi.test_scientific_contracts" name="test_promotion_rejects_missing_ceiling_pack_gate_or_receipt_link[gate_decision_ids]" time="0.001" /><testcase classname="tests.contracts.openapi.test_scientific_contracts" name="test_promotion_rejects_missing_ceiling_pack_gate_or_receipt_link[artifact_receipt_ids]" time="0.002" /><testcase classname="tests.contracts.openapi.test_scientific_contracts" name="test_promotion_rejects_missing_ceiling_pack_gate_or_receipt_link[effect_receipt_id]" time="0.002" /><testcase classname="tests.contracts.openapi.test_scientific_contracts" name="test_promotion_rejects_missing_ceiling_pack_gate_or_receipt_link[request_action_intent_id]" time="0.002" /><testcase classname="tests.contracts.openapi.test_scientific_contracts" name="test_promotion_rejects_missing_ceiling_pack_gate_or_receipt_link[commit_action_intent_id]" time="0.002" /><testcase classname="tests.contracts.openapi.test_scientific_contracts" name="test_promotion_rejects_missing_ceiling_pack_gate_or_receipt_link[policy_bundle_hash]" time="0.002" /><testcase classname="tests.contracts.openapi.test_scientific_contracts" name="test_promotion_rejects_missing_ceiling_pack_gate_or_receipt_link[idempotency_key]" time="0.002" /><testcase classname="tests.contracts.openapi.test_scientific_contracts" name="test_scalar_only_promotion_is_not_schema_valid" time="0.001" /><testcase classname="tests.contracts.openapi.test_scientific_contracts" name="test_phase_e_annotation_declares_receipt_bound_promotion_pack" time="0.001" /><testcase classname="tests.contracts.openapi.test_scientific_contracts" name="test_cross_artifact_self_approval_is_a_non_waivable_rejection" time="0.001" /><testcase classname="tests.contracts.openapi.test_scientific_contracts" name="test_non_waivable_gate_decision_cannot_be_waived" time="0.001" /><testcase classname="tests.contracts.openapi.test_scientific_contracts" name="test_waivable_gate_requires_explicit_waiver_evidence" time="0.001" /><testcase classname="tests.contracts.openapi.test_scientific_contracts" name="test_a05_negative_registry_covers_all_required_c01_rejections" time="0.001" /><testcase classname="tests.test_aporia_engine" name="test_graph_matches_the_canonical_schema" time="0.021" /><testcase classname="tests.test_aporia_engine" name="test_empty_graph_is_refused" time="0.001" /><testcase classname="tests.test_aporia_engine" name="test_dangling_edge_endpoint_is_refused" time="0.001" /><testcase classname="tests.test_aporia_engine" name="test_open_objection_means_unresolved" time="0.002" /><testcase classname="tests.test_aporia_engine" name="test_hidden_assumption_also_means_unresolved" time="0.002" /><testcase classname="tests.test_aporia_engine" name="test_fully_closed_graph_is_resolved" time="0.002" /><testcase classname="tests.test_aporia_engine" name="test_open_questions_reports_both_kinds" time="0.001" /><testcase classname="tests.test_aporia_engine" name="test_deduction_from_an_accepted_premise_holds" time="0.001" /><testcase classname="tests.test_aporia_engine" name="test_deduction_from_an_unresolved_premise_fails" time="0.001" /><testcase classname="tests.test_aporia_engine" name="test_deduction_from_a_challenged_premise_fails" time="0.001" /><testcase classname="tests.test_aporia_engine" name="test_undeclared_assumption_dependency_fails" time="0.001" /><testcase classname="tests.test_aporia_engine" name="test_declared_assumption_dependency_holds" time="0.001" /><testcase classname="tests.test_aporia_engine" name="test_defeasible_support_from_an_open_premise_is_allowed" time="0.001" /><testcase classname="tests.test_backend_isolation_and_provenance" name="test_i63_foundry_runs_without_any_backend" time="0.000" /><testcase classname="tests.test_backend_isolation_and_provenance" name="test_i63_a_required_backend_is_refused" time="0.000" /><testcase classname="tests.test_backend_isolation_and_provenance" name="test_i63_an_optional_backend_is_accepted" time="0.000" /><testcase classname="tests.test_backend_isolation_and_provenance" name="test_i63_no_backend_at_all_is_accepted" time="0.000" /><testcase classname="tests.test_backend_isolation_and_provenance" name="test_i63_no_signal_may_route_into_an_authority_surface[promotion_decision]" time="0.001" /><testcase classname="tests.test_backend_isolation_and_provenance" name="test_i63_no_signal_may_route_into_an_authority_surface[gate_decision]" time="0.000" /><testcase classname="tests.test_backend_isolation_and_provenance" name="test_i63_no_signal_may_route_into_an_authority_surface[hypothesis_passport]" time="0.000" /><testcase classname="tests.test_backend_isolation_and_provenance" name="test_i63_no_signal_may_route_into_an_authority_surface[evidence_node]" time="0.000" /><testcase classname="tests.test_backend_isolation_and_provenance" name="test_i63_no_signal_may_route_into_an_authority_surface[claim_card]" time="0.000" /><testcase classname="tests.test_backend_isolation_and_provenance" name="test_i63_no_signal_may_route_into_an_authority_surface[evaluator_bundle]" time="0.000" /><testcase classname="tests.test_backend_isolation_and_provenance" name="test_i63_no_signal_may_route_into_an_authority_surface[holdout_manifest]" time="0.000" /><testcase classname="tests.test_backend_isolation_and_provenance" name="test_i63_no_signal_may_route_into_an_authority_surface[policy_bundle]" time="0.000" /><testcase classname="tests.test_backend_isolation_and_provenance" name="test_i63_no_signal_may_route_into_an_authority_surface[release_state]" time="0.000" /><testcase classname="tests.test_backend_isolation_and_provenance" name="test_i63_no_signal_may_route_into_an_authority_surface[noetic_ledger]" time="0.000" /><testcase classname="tests.test_backend_isolation_and_provenance" name="test_i63_advisory_routing_is_permitted" time="0.000" /><testcase classname="tests.test_backend_isolation_and_provenance" name="test_i63_an_unclassified_signal_fails_closed" time="0.000" /><testcase classname="tests.test_backend_isolation_and_provenance" name="test_i63_imported_run_starts_idle" time="0.001" /><testcase classname="tests.test_backend_isolation_and_provenance" name="test_i63_import_never_manufactures_receipts" time="0.000" /><testcase classname="tests.test_backend_isolation_and_provenance" name="test_i63_phase_and_receipt_claims_are_not_parameters" time="0.000" /><testcase classname="tests.test_backend_isolation_and_provenance" name="test_i63_unconverted_fields_stay_visible" time="0.000" /><testcase classname="tests.test_backend_isolation_and_provenance" name="test_i63_even_a_clean_import_is_not_authoritative" time="0.000" /><testcase classname="tests.test_backend_isolation_and_provenance" name="test_i32_complete_signed_provenance_is_shippable" time="0.001" /><testcase classname="tests.test_backend_isolation_and_provenance" name="test_i32_reproducibility_is_derived_from_the_check" time="0.001" /><testcase classname="tests.test_backend_isolation_and_provenance" name="test_i32_a_missing_build_check_is_refused[reproducible_build]" time="0.001" /><testcase classname="tests.test_backend_isolation_and_provenance" name="test_i32_a_missing_build_check_is_refused[sbom_generated]" time="0.000" /><testcase classname="tests.test_backend_isolation_and_provenance" name="test_i32_a_missing_build_check_is_refused[manifest_complete]" time="0.000" /><testcase classname="tests.test_backend_isolation_and_provenance" name="test_i32_a_missing_build_check_is_refused[clean_extraction]" time="0.000" /><testcase classname="tests.test_backend_isolation_and_provenance" name="test_i32_a_not_run_check_is_not_a_passing_one" time="0.000" /><testcase classname="tests.test_backend_isolation_and_provenance" name="test_i32_a_floating_source_revision_is_refused[main]" time="0.000" /><testcase classname="tests.test_backend_isolation_and_provenance" name="test_i32_a_floating_source_revision_is_refused[master]" time="0.000" /><testcase classname="tests.test_backend_isolation_and_provenance" name="test_i32_a_floating_source_revision_is_refused[HEAD]" time="0.000" /><testcase classname="tests.test_backend_isolation_and_provenance" name="test_i32_a_floating_source_revision_is_refused[latest]" time="0.001" /><testcase classname="tests.test_backend_isolation_and_provenance" name="test_i32_a_floating_source_revision_is_refused[]" time="0.000" /><testcase classname="tests.test_backend_isolation_and_provenance" name="test_i32_an_undigested_bundle_is_refused" time="0.000" /><testcase classname="tests.test_backend_isolation_and_provenance" name="test_i32_unsigned_bundle_is_recordable_but_not_shippable" time="0.001" /><testcase classname="tests.test_backend_isolation_and_provenance" name="test_i32_an_empty_signature_value_is_invalid_not_signed" time="0.001" /><testcase classname="tests.test_backend_isolation_and_provenance" name="test_i32_signing_status_is_not_a_parameter" time="0.000" /><testcase classname="tests.test_backend_isolation_and_provenance" name="test_i35_every_install_path_the_invariant_names_is_required" time="0.000" /><testcase classname="tests.test_backend_isolation_and_provenance" name="test_i35_a_full_install_matrix_is_demonstrated" time="0.000" /><testcase classname="tests.test_backend_isolation_and_provenance" name="test_i35_an_untested_install_path_blocks_by_name[fresh_install]" time="0.000" /><testcase classname="tests.test_backend_isolation_and_provenance" name="test_i35_an_untested_install_path_blocks_by_name[pathless_execution]" time="0.000" /><testcase classname="tests.test_backend_isolation_and_provenance" name="test_i35_an_untested_install_path_blocks_by_name[upgrade]" time="0.000" /><testcase classname="tests.test_backend_isolation_and_provenance" name="test_i35_an_untested_install_path_blocks_by_name[downgrade]" time="0.000" /><testcase classname="tests.test_backend_isolation_and_provenance" name="test_i35_an_untested_install_path_blocks_by_name[uninstall]" time="0.000" /><testcase classname="tests.test_backend_isolation_and_provenance" name="test_i35_an_untested_install_path_blocks_by_name[cross_platform_paths]" time="0.000" /><testcase classname="tests.test_backend_isolation_and_provenance" name="test_i35_an_absent_check_is_also_a_blocker" time="0.000" /><testcase classname="tests.test_backend_isolation_and_provenance" name="test_i35_partial_success_is_not_summarized_as_a_count" time="0.000" /><testcase classname="tests.test_backend_isolation_and_provenance" name="test_i36_a_notification_only_adapter_is_permitted" time="0.000" /><testcase classname="tests.test_backend_isolation_and_provenance" name="test_i36_a_remote_execution_or_export_capability_is_refused[command_execution]" time="0.000" /><testcase classname="tests.test_backend_isolation_and_provenance" name="test_i36_a_remote_execution_or_export_capability_is_refused[shell]" time="0.000" /><testcase classname="tests.test_backend_isolation_and_provenance" name="test_i36_a_remote_execution_or_export_capability_is_refused[arbitrary_command]" time="0.000" /><testcase classname="tests.test_backend_isolation_and_provenance" name="test_i36_a_remote_execution_or_export_capability_is_refused[raw_evidence_export]" time="0.000" /><testcase classname="tests.test_backend_isolation_and_provenance" name="test_i36_a_remote_execution_or_export_capability_is_refused[holdout_read]" time="0.000" /><testcase classname="tests.test_backend_isolation_and_provenance" name="test_i36_an_adapter_enabled_by_default_is_refused" time="0.000" /><testcase classname="tests.test_bandits_surrogate_replication" name="test_i54_safety_failure_zeroes_the_reward" time="0.000" /><testcase classname="tests.test_bandits_surrogate_replication" name="test_i54_proxy_only_reward_is_refused" time="0.000" /><testcase classname="tests.test_bandits_surrogate_replication" name="test_i54_unreplicated_utility_is_discounted" time="0.000" /><testcase classname="tests.test_bandits_surrogate_replication" name="test_i54_high_proxy_cannot_raise_a_low_validated_reward" time="0.000" /><testcase classname="tests.test_bandits_surrogate_replication" name="test_i54_proxy_only_arm_is_refused_at_seal_time" time="0.000" /><testcase classname="tests.test_bandits_surrogate_replication" name="test_i54_safety_violating_arm_cannot_keep_a_positive_reward" time="0.000" /><testcase classname="tests.test_bandits_surrogate_replication" name="test_i54_validated_arms_seal" time="0.002" /><testcase classname="tests.test_bandits_surrogate_replication" name="test_i54_empty_arm_set_is_refused" time="0.000" /><testcase classname="tests.test_bandits_surrogate_replication" name="test_i57_direct_evaluation_is_always_required" time="0.001" /><testcase classname="tests.test_bandits_surrogate_replication" name="test_i57_confident_high_utility_evaluates_now" time="0.000" /><testcase classname="tests.test_bandits_surrogate_replication" name="test_i57_low_utility_defers_rather_than_rejecting" time="0.001" /><testcase classname="tests.test_bandits_surrogate_replication" name="test_i57_out_of_distribution_candidate_is_sampled_for_calibration" time="0.000" /><testcase classname="tests.test_bandits_surrogate_replication" name="test_i57_high_uncertainty_is_sampled_for_calibration" time="0.000" /><testcase classname="tests.test_bandits_surrogate_replication" name="test_i57_only_a_hard_gate_can_reject" time="0.000" /><testcase classname="tests.test_bandits_surrogate_replication" name="test_i57_surrogate_cannot_stand_in_for_a_required_stage[holdout]" time="0.000" /><testcase classname="tests.test_bandits_surrogate_replication" name="test_i57_surrogate_cannot_stand_in_for_a_required_stage[replication]" time="0.000" /><testcase classname="tests.test_bandits_surrogate_replication" name="test_i57_surrogate_cannot_stand_in_for_a_required_stage[evidence]" time="0.000" /><testcase classname="tests.test_bandits_surrogate_replication" name="test_i57_surrogate_may_inform_a_cheap_stage" time="0.000" /><testcase classname="tests.test_bandits_surrogate_replication" name="test_i58_preregistered_independent_plan_qualifies" time="0.001" /><testcase classname="tests.test_bandits_surrogate_replication" name="test_i58_plan_without_preregistered_metrics_is_refused" time="0.000" /><testcase classname="tests.test_bandits_surrogate_replication" name="test_i58_plan_without_a_failure_rule_is_refused" time="0.000" /><testcase classname="tests.test_bandits_surrogate_replication" name="test_i58_unpinned_seeds_are_refused" time="0.000" /><testcase classname="tests.test_bandits_surrogate_replication" name="test_i58_self_replication_does_not_qualify" time="0.000" /><testcase classname="tests.test_bandits_surrogate_replication" name="test_i58_multi_seed_alone_does_not_qualify" time="0.000" /><testcase classname="tests.test_bandits_surrogate_replication" name="test_i58_unknown_replication_class_is_refused" time="0.000" /><testcase classname="tests.test_bandits_surrogate_replication" name="test_i58_adaptive_search_without_replication_caps_promotion" time="0.000" /><testcase classname="tests.test_bandits_surrogate_replication" name="test_i58_adaptive_search_with_qualifying_replication_lifts_the_cap" time="0.000" /><testcase classname="tests.test_bandits_surrogate_replication" name="test_i58_non_independent_replication_still_caps_promotion" time="0.000" /><testcase classname="tests.test_bandits_surrogate_replication" name="test_i58_no_adaptive_search_is_unconstrained_by_this_rule" time="0.000" /><testcase classname="tests.test_budgets" name="test_i28_hard_metered_budget_bounds_spend" time="0.001" /><testcase classname="tests.test_budgets" name="test_i28_soft_estimate_does_not_bound_spend" time="0.000" /><testcase classname="tests.test_budgets" name="test_i28_unmetered_does_not_bound_spend" time="0.000" /><testcase classname="tests.test_budgets" name="test_i28_hard_label_without_limits_is_refused" time="0.000" /><testcase classname="tests.test_budgets" name="test_i28_unmetered_cannot_cancel_on_breach" time="0.000" /><testcase classname="tests.test_budgets" name="test_i28_misnamed_limit_dimension_is_refused" time="0.000" /><testcase classname="tests.test_budgets" name="test_i28_unspecified_dimensions_become_explicit_nulls" time="0.000" /><testcase classname="tests.test_budgets" name="test_i28_escalating_breach_policy_is_reported" time="0.000" /><testcase classname="tests.test_budgets" name="test_i27_contract_carries_every_stop_condition" time="0.001" /><testcase classname="tests.test_budgets" name="test_i27_loop_runs_within_all_bounds" time="0.000" /><testcase classname="tests.test_budgets" name="test_i27_each_bound_independently_stops_the_loop[kwargs0-max_iterations]" time="0.001" /><testcase classname="tests.test_budgets" name="test_i27_each_bound_independently_stops_the_loop[kwargs1-max_cost_units]" time="0.001" /><testcase classname="tests.test_budgets" name="test_i27_each_bound_independently_stops_the_loop[kwargs2-max_wall_seconds]" time="0.001" /><testcase classname="tests.test_budgets" name="test_i27_each_bound_independently_stops_the_loop[kwargs3-dry round]" time="0.000" /><testcase classname="tests.test_budgets" name="test_i27_dry_rounds_catch_a_spinning_loop" time="0.000" /><testcase classname="tests.test_budgets" name="test_i27_missing_dedupe_key_is_refused" time="0.000" /><testcase classname="tests.test_budgets" name="test_i27_non_positive_bound_is_refused[max_iterations]" time="0.000" /><testcase classname="tests.test_budgets" name="test_i27_non_positive_bound_is_refused[max_cost_units]" time="0.000" /><testcase classname="tests.test_budgets" name="test_i27_non_positive_bound_is_refused[max_wall_seconds]" time="0.000" /><testcase classname="tests.test_budgets" name="test_i27_zero_dry_rounds_is_refused" time="0.000" /><testcase classname="tests.test_budgets" name="test_i27_nonconvergence_outcome_is_declared" time="0.000" /><testcase classname="tests.test_budgets" name="test_i29_handle_never_renders_the_material" time="0.000" /><testcase classname="tests.test_budgets" name="test_i29_handle_stores_no_value" time="0.000" /><testcase classname="tests.test_budgets" name="test_i29_empty_reference_is_refused" time="0.000" /><testcase classname="tests.test_budgets" name="test_i29_material_in_an_outbound_prompt_is_refused" time="0.000" /><testcase classname="tests.test_budgets" name="test_i29_material_nested_in_an_artifact_is_refused" time="0.000" /><testcase classname="tests.test_budgets" name="test_i29_handle_in_a_payload_is_allowed" time="0.000" /><testcase classname="tests.test_budgets" name="test_i29_leak_raises_rather_than_redacting" time="0.000" /><testcase classname="tests.test_checkpoint_and_reconciliation" name="test_i61_complete_checkpoint_binds_every_component" time="0.002" /><testcase classname="tests.test_checkpoint_and_reconciliation" name="test_i61_partial_capture_is_refused[population_artifact_ids]" time="0.000" /><testcase classname="tests.test_checkpoint_and_reconciliation" name="test_i61_partial_capture_is_refused[archive_snapshot_id]" time="0.001" /><testcase classname="tests.test_checkpoint_and_reconciliation" name="test_i61_partial_capture_is_refused[island_state_ids]" time="0.001" /><testcase classname="tests.test_checkpoint_and_reconciliation" name="test_i61_partial_capture_is_refused[operator_bandit_state_id]" time="0.000" /><testcase classname="tests.test_checkpoint_and_reconciliation" name="test_i61_partial_capture_is_refused[evaluator_bundle_hash]" time="0.000" /><testcase classname="tests.test_checkpoint_and_reconciliation" name="test_i61_partial_capture_is_refused[budget_state_id]" time="0.000" /><testcase classname="tests.test_checkpoint_and_reconciliation" name="test_i61_partial_capture_is_refused[sequential_testing_ledger_id]" time="0.000" /><testcase classname="tests.test_checkpoint_and_reconciliation" name="test_i61_missing_components_are_reportable" time="0.000" /><testcase classname="tests.test_checkpoint_and_reconciliation" name="test_i61_evaluator_hash_is_bound_into_the_resume_point" time="0.000" /><testcase classname="tests.test_checkpoint_and_reconciliation" name="test_i62_partial_results_are_always_visible" time="0.001" /><testcase classname="tests.test_checkpoint_and_reconciliation" name="test_i62_unresolved_work_is_carried_on_the_certificate" time="0.000" /><testcase classname="tests.test_checkpoint_and_reconciliation" name="test_i62_unexplained_stop_is_refused" time="0.000" /><testcase classname="tests.test_checkpoint_and_reconciliation" name="test_i62_orderly_stops_are_classified_as_such[budget_exhausted]" time="0.000" /><testcase classname="tests.test_checkpoint_and_reconciliation" name="test_i62_orderly_stops_are_classified_as_such[max_generations]" time="0.000" /><testcase classname="tests.test_checkpoint_and_reconciliation" name="test_i62_orderly_stops_are_classified_as_such[dry_rounds]" time="0.000" /><testcase classname="tests.test_checkpoint_and_reconciliation" name="test_i62_orderly_stops_are_classified_as_such[human_stop]" time="0.001" /><testcase classname="tests.test_checkpoint_and_reconciliation" name="test_i62_adverse_stops_are_not_orderly[safety_stop]" time="0.000" /><testcase classname="tests.test_checkpoint_and_reconciliation" name="test_i62_adverse_stops_are_not_orderly[blocked]" time="0.000" /><testcase classname="tests.test_checkpoint_and_reconciliation" name="test_i62_adverse_stops_are_not_orderly[failed]" time="0.000" /><testcase classname="tests.test_checkpoint_and_reconciliation" name="test_i62_budget_exhaustion_does_not_prove_scope_coverage" time="0.000" /><testcase classname="tests.test_checkpoint_and_reconciliation" name="test_i62_coverage_saturation_with_no_gaps_proves_scope_coverage" time="0.000" /><testcase classname="tests.test_checkpoint_and_reconciliation" name="test_i62_adverse_stop_never_proves_coverage" time="0.000" /><testcase classname="tests.test_checkpoint_and_reconciliation" name="test_i60_clean_fan_out_reconciles" time="0.000" /><testcase classname="tests.test_checkpoint_and_reconciliation" name="test_i60_terminal_dispositions_account_for_a_candidate" time="0.000" /><testcase classname="tests.test_checkpoint_and_reconciliation" name="test_i60_vanished_candidate_is_reported_as_missing" time="0.000" /><testcase classname="tests.test_checkpoint_and_reconciliation" name="test_i60_storage_failure_is_distinct_from_a_generator_failure" time="0.000" /><testcase classname="tests.test_checkpoint_and_reconciliation" name="test_i60_scheduling_failure_is_named_separately" time="0.000" /><testcase classname="tests.test_checkpoint_and_reconciliation" name="test_i60_candidate_appearing_without_provenance_is_refused" time="0.000" /><testcase classname="tests.test_checkpoint_and_reconciliation" name="test_i60_report_uses_identity_sets_not_only_counts" time="0.000" /><testcase classname="tests.test_claim_forge" name="test_span_anchors_its_text_to_the_document" time="0.001" /><testcase classname="tests.test_claim_forge" name="test_empty_verbatim_text_is_refused" time="0.000" /><testcase classname="tests.test_claim_forge" name="test_inverted_range_is_refused" time="0.000" /><testcase classname="tests.test_claim_forge" name="test_range_width_must_match_the_text_length" time="0.000" /><testcase classname="tests.test_claim_forge" name="test_offsets_pointing_at_other_text_fail_verification" time="0.000" /><testcase classname="tests.test_claim_forge" name="test_edited_text_with_stale_hash_fails_verification" time="0.000" /><testcase classname="tests.test_claim_forge" name="test_span_past_the_end_of_the_document_fails" time="0.000" /><testcase classname="tests.test_claim_forge" name="test_spans_are_grounded_is_non_raising" time="0.001" /><testcase classname="tests.test_claim_forge" name="test_evidence_node_matches_the_canonical_schema" time="0.002" /><testcase classname="tests.test_claim_forge" name="test_evidence_without_a_claim_is_refused" time="0.001" /><testcase classname="tests.test_claim_forge" name="test_unanchored_evidence_is_refused" time="0.001" /><testcase classname="tests.test_claim_forge" name="test_role_is_not_defaulted_to_support" time="0.000" /><testcase classname="tests.test_claim_forge" name="test_invalidated_evidence_stops_counting_as_support" time="0.002" /><testcase classname="tests.test_claim_forge" name="test_dissenting_lanes_stay_visible" time="0.005" /><testcase classname="tests.test_cli" name="test_every_typed_outcome_has_a_distinct_exit_code" time="0.000" /><testcase classname="tests.test_cli" name="test_status_reports_partial_implementation" time="0.002" /><testcase classname="tests.test_cli" name="test_status_still_refuses_to_claim_plugin_alpha" time="0.002" /><testcase classname="tests.test_cli" name="test_status_does_not_list_a_component_as_both_states" time="0.001" /><testcase classname="tests.test_cli" name="test_implemented_list_matches_the_shipped_packages" time="0.002" /><testcase classname="tests.test_cli" name="test_validate_passes_a_conformant_artifact" time="0.002" /><testcase classname="tests.test_cli" name="test_validate_fails_a_nonconformant_artifact" time="0.006" /><testcase classname="tests.test_cli" name="test_validate_unknown_schema_is_spec_gap" time="0.003" /><testcase classname="tests.test_cli" name="test_ledger_verify_passes_an_intact_chain" time="0.013" /><testcase classname="tests.test_cli" name="test_ledger_verify_reports_invalidated_on_tampering" time="0.081" /><testcase classname="tests.test_cli" name="test_missing_artifact_fails_without_traceback" time="0.003" /><testcase classname="tests.test_cli" name="test_command_is_required" time="0.001" /><testcase classname="tests.test_context_capsule" name="test_i20_capsule_binds_each_summary_to_its_artifact_digest" time="0.001" /><testcase classname="tests.test_context_capsule" name="test_i20_artifact_ids_are_derived_from_the_bound_hashes" time="0.001" /><testcase classname="tests.test_context_capsule" name="test_i20_summary_for_an_uncarried_artifact_is_refused" time="0.000" /><testcase classname="tests.test_context_capsule" name="test_i20_unbound_artifact_digest_is_refused" time="0.000" /><testcase classname="tests.test_context_capsule" name="test_i20_exclusion_and_inclusion_cannot_name_the_same_artifact" time="0.000" /><testcase classname="tests.test_context_capsule" name="test_i20_exclusions_are_recorded_rather_than_omitted" time="0.000" /><testcase classname="tests.test_context_capsule" name="test_i20_a_prose_only_capsule_is_refused" time="0.000" /><testcase classname="tests.test_context_capsule" name="test_i20_untyped_phase_is_refused" time="0.000" /><testcase classname="tests.test_context_capsule" name="test_i20_purposeless_capsule_is_refused" time="0.000" /><testcase classname="tests.test_context_capsule" name="test_i20_undeclared_expiry_is_not_fresh" time="0.000" /><testcase classname="tests.test_context_capsule" name="test_i20_expired_capsule_is_not_fresh" time="0.000" /><testcase classname="tests.test_context_capsule" name="test_i20_live_capsule_is_fresh" time="0.000" /><testcase classname="tests.test_context_capsule" name="test_i20_changed_artifact_is_reported_stale" time="0.000" /><testcase classname="tests.test_context_capsule" name="test_i20_deleted_artifact_is_stale_not_unchanged" time="0.000" /><testcase classname="tests.test_context_capsule" name="test_i20_unchanged_artifacts_report_no_staleness" time="0.000" /><testcase classname="tests.test_context_capsule" name="test_i20_rebuild_from_a_changed_artifact_is_refused" time="0.000" /><testcase classname="tests.test_context_capsule" name="test_i20_rebuild_from_an_expired_capsule_is_refused" time="0.001" /><testcase classname="tests.test_context_capsule" name="test_i20_capsule_from_another_run_is_refused" time="0.000" /><testcase classname="tests.test_context_capsule" name="test_i20_capsule_from_a_superseded_policy_is_refused" time="0.000" /><testcase classname="tests.test_context_capsule" name="test_i20_a_fresh_unchanged_capsule_rebuilds" time="0.000" /><testcase classname="tests.test_contracts" name="test_registry_loads_every_canonical_schema" time="0.001" /><testcase classname="tests.test_contracts" name="test_unknown_schema_fails_closed" time="0.000" /><testcase classname="tests.test_contracts" name="test_shipped_examples_validate_against_their_schemas" time="0.083" /><testcase classname="tests.test_contracts" name="test_validation_reports_every_error_not_just_the_first" time="0.000" /><testcase classname="tests.test_contracts" name="test_invalid_enum_is_rejected" time="0.001" /><testcase classname="tests.test_crossover_and_quarantine" name="test_i51_decision_is_derived_not_asserted" time="0.000" /><testcase classname="tests.test_crossover_and_quarantine" name="test_i51_fully_compatible_parents_may_cross" time="0.000" /><testcase classname="tests.test_crossover_and_quarantine" name="test_i51_any_incompatible_axis_rejects[scope_compatibility]" time="0.000" /><testcase classname="tests.test_crossover_and_quarantine" name="test_i51_any_incompatible_axis_rejects[measurement_compatibility]" time="0.000" /><testcase classname="tests.test_crossover_and_quarantine" name="test_i51_any_incompatible_axis_rejects[causal_compatibility]" time="0.000" /><testcase classname="tests.test_crossover_and_quarantine" name="test_i51_any_incompatible_axis_rejects[unit_compatibility]" time="0.000" /><testcase classname="tests.test_crossover_and_quarantine" name="test_i51_unknown_axis_is_not_assessed_not_permitted[scope_compatibility]" time="0.000" /><testcase classname="tests.test_crossover_and_quarantine" name="test_i51_unknown_axis_is_not_assessed_not_permitted[measurement_compatibility]" time="0.000" /><testcase classname="tests.test_crossover_and_quarantine" name="test_i51_unknown_axis_is_not_assessed_not_permitted[causal_compatibility]" time="0.000" /><testcase classname="tests.test_crossover_and_quarantine" name="test_i51_unknown_axis_is_not_assessed_not_permitted[unit_compatibility]" time="0.000" /><testcase classname="tests.test_crossover_and_quarantine" name="test_i51_repairable_axis_requires_a_named_repair" time="0.000" /><testcase classname="tests.test_crossover_and_quarantine" name="test_i51_repair_permits_only_conditional_crossover" time="0.000" /><testcase classname="tests.test_crossover_and_quarantine" name="test_i51_incompatible_outranks_repairable" time="0.000" /><testcase classname="tests.test_crossover_and_quarantine" name="test_i51_single_parent_is_not_a_crossover" time="0.000" /><testcase classname="tests.test_crossover_and_quarantine" name="test_i55_proposal_is_born_quarantined" time="0.001" /><testcase classname="tests.test_crossover_and_quarantine" name="test_i55_status_cannot_be_asserted_at_creation" time="0.000" /><testcase classname="tests.test_crossover_and_quarantine" name="test_i55_unspecified_change_is_refused" time="0.000" /><testcase classname="tests.test_crossover_and_quarantine" name="test_i55_unanalyzed_risk_is_refused" time="0.000" /><testcase classname="tests.test_crossover_and_quarantine" name="test_i55_empty_risk_list_is_refused" time="0.000" /><testcase classname="tests.test_crossover_and_quarantine" name="test_i56_retroactive_effect_is_forced_prohibited" time="0.000" /><testcase classname="tests.test_crossover_and_quarantine" name="test_i56_defect_claim_needs_evidence" time="0.000" /><testcase classname="tests.test_crossover_and_quarantine" name="test_i56_invented_defect_class_is_refused" time="0.000" /><testcase classname="tests.test_crossover_and_quarantine" name="test_i56_proposal_cannot_be_applied_to_its_own_run" time="0.000" /><testcase classname="tests.test_crossover_and_quarantine" name="test_i56_quarantined_proposal_cannot_influence_a_new_run_either" time="0.000" /><testcase classname="tests.test_crossover_and_quarantine" name="test_i56_approved_proposal_may_target_a_new_sealed_run" time="0.000" /><testcase classname="tests.test_crossover_and_quarantine" name="test_i56_approved_proposal_still_cannot_target_its_source_run" time="0.000" /><testcase classname="tests.test_epistemic_atlas" name="test_ordinary_transition_is_recorded" time="0.000" /><testcase classname="tests.test_epistemic_atlas" name="test_claim_creation_allows_a_null_from_status" time="0.000" /><testcase classname="tests.test_epistemic_atlas" name="test_terminal_status_cannot_be_reopened[rejected]" time="0.000" /><testcase classname="tests.test_epistemic_atlas" name="test_terminal_status_cannot_be_reopened[retracted]" time="0.000" /><testcase classname="tests.test_epistemic_atlas" name="test_supersede_requires_a_successor" time="0.000" /><testcase classname="tests.test_epistemic_atlas" name="test_supersede_with_a_successor_is_allowed" time="0.000" /><testcase classname="tests.test_epistemic_atlas" name="test_reason_text_is_required" time="0.000" /><testcase classname="tests.test_epistemic_atlas" name="test_source_retraction_must_name_affected_evidence" time="0.000" /><testcase classname="tests.test_epistemic_atlas" name="test_source_correction_also_requires_affected_evidence" time="0.000" /><testcase classname="tests.test_epistemic_atlas" name="test_retraction_invalidates_only_live_evidence" time="0.000" /><testcase classname="tests.test_epistemic_atlas" name="test_non_source_reasons_do_not_invalidate_evidence" time="0.000" /><testcase classname="tests.test_epistemic_atlas" name="test_missing_unsearched_scopes_is_not_reported_coverage" time="0.000" /><testcase classname="tests.test_epistemic_atlas" name="test_empty_unsearched_scopes_is_a_legitimate_claim" time="0.000" /><testcase classname="tests.test_epistemic_species_archive" name="test_entry_matches_the_canonical_schema" time="0.000" /><testcase classname="tests.test_epistemic_species_archive" name="test_entry_without_a_retention_reason_is_refused" time="0.000" /><testcase classname="tests.test_epistemic_species_archive" name="test_protected_classes_cover_the_constitutional_list" time="0.000" /><testcase classname="tests.test_epistemic_species_archive" name="test_nothing_is_evicted_under_capacity" time="0.000" /><testcase classname="tests.test_epistemic_species_archive" name="test_elites_are_evictable_when_over_capacity" time="0.000" /><testcase classname="tests.test_epistemic_species_archive" name="test_null_results_are_never_evicted" time="0.000" /><testcase classname="tests.test_epistemic_species_archive" name="test_failed_replications_are_never_evicted" time="0.000" /><testcase classname="tests.test_epistemic_species_archive" name="test_minority_lineages_survive_capacity_pressure" time="0.000" /><testcase classname="tests.test_epistemic_species_archive" name="test_counterexamples_and_unsafe_entries_survive" time="0.000" /><testcase classname="tests.test_epistemic_species_archive" name="test_overflow_of_protected_entries_evicts_nothing" time="0.001" /><testcase classname="tests.test_epistemic_species_archive" name="test_negative_capacity_is_refused" time="0.000" /><testcase classname="tests.test_epistemic_species_archive" name="test_coverage_ratio_is_derived_from_the_niche_sets" time="0.000" /><testcase classname="tests.test_epistemic_species_archive" name="test_coverage_ratio_is_not_a_parameter" time="0.000" /><testcase classname="tests.test_epistemic_species_archive" name="test_duplicate_occupancy_counts_once" time="0.000" /><testcase classname="tests.test_epistemic_species_archive" name="test_unknown_occupied_niche_is_refused" time="0.000" /><testcase classname="tests.test_epistemic_species_archive" name="test_empty_niche_map_is_refused" time="0.000" /><testcase classname="tests.test_evaluation" name="test_i47_novelty_status_is_not_a_parameter" time="0.000" /><testcase classname="tests.test_evaluation" name="test_i47_no_search_yields_not_assessed" time="0.000" /><testcase classname="tests.test_evaluation" name="test_i47_incomplete_search_yields_not_assessed" time="0.000" /><testcase classname="tests.test_evaluation" name="test_i47_blocked_search_yields_not_assessed" time="0.000" /><testcase classname="tests.test_evaluation" name="test_i47_remaining_unsearched_sources_yield_search_conditional" time="0.000" /><testcase classname="tests.test_evaluation" name="test_i47_prior_art_without_distinction_is_known_prior_art" time="0.000" /><testcase classname="tests.test_evaluation" name="test_i47_prior_art_with_distinction_is_corpus_novel_only" time="0.001" /><testcase classname="tests.test_evaluation" name="test_i47_complete_search_with_no_prior_art_is_potentially_novel" time="0.000" /><testcase classname="tests.test_evaluation" name="test_i47_top_status_still_only_permits_human_review" time="0.000" /><testcase classname="tests.test_evaluation" name="test_i45_vector_keeps_dimensions_separate" time="0.000" /><testcase classname="tests.test_evaluation" name="test_i45_scalarization_returns_a_bare_number" time="0.000" /><testcase classname="tests.test_evaluation" name="test_i45_a_score_never_promotes" time="0.000" /><testcase classname="tests.test_evaluation" name="test_i45_passing_status_with_failures_is_refused" time="0.000" /><testcase classname="tests.test_evaluation" name="test_i45_non_pass_status_needs_a_named_failure" time="0.000" /><testcase classname="tests.test_evaluation" name="test_i45_vector_without_dimensions_is_refused" time="0.000" /><testcase classname="tests.test_evaluation" name="test_i45_partial_vector_is_refused" time="0.000" /><testcase classname="tests.test_evaluation" name="test_i45_unscored_dimensions_are_reportable" time="0.000" /><testcase classname="tests.test_evaluation" name="test_i45_score_without_uncertainty_is_refused" time="0.000" /><testcase classname="tests.test_evaluation" name="test_i45_weighted_ordering_respects_weights" time="0.001" /><testcase classname="tests.test_evaluation" name="test_i45_not_assessed_gate_status_is_representable" time="0.000" /><testcase classname="tests.test_evidence_parliament" name="test_clean_gates_allow_an_advancing_recommendation" time="0.001" /><testcase classname="tests.test_evidence_parliament" name="test_failed_gate_plus_advancing_recommendation_is_refused" time="0.001" /><testcase classname="tests.test_evidence_parliament" name="test_override_attempt_is_recorded_not_discarded" time="0.001" /><testcase classname="tests.test_evidence_parliament" name="test_override_flag_is_derived_not_caller_supplied" time="0.000" /><testcase classname="tests.test_evidence_parliament" name="test_failed_gate_with_blocking_recommendation_is_allowed" time="0.001" /><testcase classname="tests.test_evidence_parliament" name="test_inbox_triage_against_a_failed_gate_is_not_an_override" time="0.001" /><testcase classname="tests.test_evidence_parliament" name="test_waived_gate_is_not_treated_as_failure" time="0.001" /><testcase classname="tests.test_evidence_parliament" name="test_minority_reports_and_unresolved_issues_persist" time="0.001" /><testcase classname="tests.test_evidence_parliament" name="test_gate_decision_ids_are_bound_to_the_record" time="0.001" /><testcase classname="tests.test_evidence_parliament" name="test_a_recommendation_is_never_promotion_authority" time="0.001" /><testcase classname="tests.test_evolution_chamber" name="test_ordinary_field_mutation_is_allowed" time="0.000" /><testcase classname="tests.test_evolution_chamber" name="test_evaluator_rebinding_is_refused" time="0.000" /><testcase classname="tests.test_evolution_chamber" name="test_holdout_rebinding_is_refused" time="0.000" /><testcase classname="tests.test_evolution_chamber" name="test_self_promotion_is_refused" time="0.000" /><testcase classname="tests.test_evolution_chamber" name="test_ledger_history_rewrite_is_refused" time="0.000" /><testcase classname="tests.test_evolution_chamber" name="test_no_op_write_to_an_authority_field_is_still_refused" time="0.000" /><testcase classname="tests.test_evolution_chamber" name="test_forbidden_set_covers_the_named_authority_surfaces" time="0.000" /><testcase classname="tests.test_evolution_chamber" name="test_receipt_diff_is_derived_from_the_candidates" time="0.000" /><testcase classname="tests.test_evolution_chamber" name="test_receipt_catches_an_operator_that_edits_more_than_it_admits" time="0.000" /><testcase classname="tests.test_evolution_chamber" name="test_receipt_requires_an_input_candidate" time="0.000" /><testcase classname="tests.test_evolution_chamber" name="test_run_spec_pins_evaluator_and_holdout" time="0.007" /><testcase classname="tests.test_evolution_chamber" name="test_missing_resolved_refs_is_rejected_at_the_write_boundary" time="0.001" /><testcase classname="tests.test_evolution_chamber" name="test_empty_or_null_resolved_refs_is_rejected[None]" time="0.001" /><testcase classname="tests.test_evolution_chamber" name="test_empty_or_null_resolved_refs_is_rejected[resolved_refs1]" time="0.001" /><testcase classname="tests.test_evolution_chamber" name="test_floating_reference_is_rejected" time="0.001" /><testcase classname="tests.test_evolution_chamber" name="test_version_range_is_rejected" time="0.001" /><testcase classname="tests.test_evolution_chamber" name="test_invalid_reference_hash_is_rejected" time="0.001" /><testcase classname="tests.test_evolution_chamber" name="test_unversioned_provider_alias_is_rejected" time="0.001" /><testcase classname="tests.test_evolution_chamber" name="test_external_backend_requires_an_immutable_source_pin" time="0.007" /><testcase classname="tests.test_evolution_chamber" name="test_disabled_external_backend_rejects_a_manifest" time="0.001" /><testcase classname="tests.test_evolution_chamber" name="test_top_level_authority_ids_must_match_resolved_refs" time="0.001" /><testcase classname="tests.test_evolution_chamber" name="test_builder_copies_refs_before_sealing" time="0.007" /><testcase classname="tests.test_evolution_chamber" name="test_unbounded_run_is_refused" time="0.001" /><testcase classname="tests.test_evolution_chamber" name="test_run_without_a_seed_genome_is_refused" time="0.001" /><testcase classname="tests.test_evolution_chamber" name="test_evaluator_swap_between_specs_is_detectable" time="0.018" /><testcase classname="tests.test_evolution_chamber" name="test_evaluator_content_swap_is_detectable_even_when_logical_id_is_stable" time="0.006" /><testcase classname="tests.test_evolution_chamber" name="test_resolvable_legacy_spec_emits_migration_record" time="0.007" /><testcase classname="tests.test_evolution_chamber" name="test_unresolvable_legacy_spec_fails_closed" time="0.001" /><testcase classname="tests.test_evolution_chamber" name="test_legacy_migration_requires_resolution_evidence" time="0.001" /><testcase classname="tests.test_evolution_chamber" name="test_legacy_migration_never_overwrites_the_original_run_id" time="0.001" /><testcase classname="tests.test_evolution_chamber" name="test_legacy_migration_has_hash_bound_rollback" time="0.007" /><testcase classname="tests.test_evolution_chamber" name="test_migration_fixture_executes_forward_transform_and_exact_rollback" time="0.012" /><testcase classname="tests.test_evolution_chamber" name="test_compatibility_matrix_is_fail_closed_and_has_backfill_rollback" time="0.001" /><testcase classname="tests.test_foundry_kernel" name="test_interview_is_optional" time="0.000" /><testcase classname="tests.test_foundry_kernel" name="test_gate_may_send_work_back" time="0.000" /><testcase classname="tests.test_foundry_kernel" name="test_frame_cannot_skip_observe" time="0.000" /><testcase classname="tests.test_foundry_kernel" name="test_open_session_starts_idle_at_revision_zero" time="0.007" /><testcase classname="tests.test_foundry_kernel" name="test_transition_increments_revision_and_records_history" time="0.022" /><testcase classname="tests.test_foundry_kernel" name="test_rejected_transition_does_not_mutate_the_caller_state" time="0.006" /><testcase classname="tests.test_foundry_kernel" name="test_stale_revision_is_a_conflict_not_a_retry" time="0.014" /><testcase classname="tests.test_foundry_kernel" name="test_illegal_edge_is_refused_even_with_receipts" time="0.006" /><testcase classname="tests.test_foundry_kernel" name="test_export_without_gate_evidence_is_refused" time="0.040" /><testcase classname="tests.test_foundry_kernel" name="test_export_with_failing_gate_is_refused" time="0.041" /><testcase classname="tests.test_foundry_kernel" name="test_export_succeeds_only_with_a_resolving_passing_gate" time="0.056" /><testcase classname="tests.test_foundry_kernel" name="test_unresolved_gate_ids_are_refused" time="0.041" /><testcase classname="tests.test_foundry_kernel" name="test_empty_evidence_list_fails_the_gate" time="0.000" /><testcase classname="tests.test_foundry_kernel" name="test_non_waivable_gate_refuses_a_waiver" time="0.000" /><testcase classname="tests.test_foundry_kernel" name="test_waivable_gate_requires_authority_and_reason" time="0.000" /><testcase classname="tests.test_foundry_kernel" name="test_gate_decisions_are_deterministic_for_equal_inputs" time="0.001" /><testcase classname="tests.test_foundry_kernel" name="test_fail_and_block_are_never_absorbed" time="0.000" /><testcase classname="tests.test_foundry_kernel" name="test_gate_evaluation_defaults_to_non_waivable" time="0.000" /><testcase classname="tests.test_genome_and_refutation" name="test_complete_genome_is_eligible" time="0.000" /><testcase classname="tests.test_genome_and_refutation" name="test_status_is_not_a_parameter" time="0.000" /><testcase classname="tests.test_genome_and_refutation" name="test_builder_cannot_even_represent_a_falsifier_free_genome" time="0.000" /><testcase classname="tests.test_genome_and_refutation" name="test_externally_supplied_genome_without_a_falsifier_is_not_evolvable" time="0.000" /><testcase classname="tests.test_genome_and_refutation" name="test_externally_supplied_genome_without_alternatives_is_not_evolvable" time="0.000" /><testcase classname="tests.test_genome_and_refutation" name="test_empty_list_is_as_unevolvable_as_a_missing_field" time="0.000" /><testcase classname="tests.test_genome_and_refutation" name="test_every_required_element_is_checked[scope_vector_id]" time="0.001" /><testcase classname="tests.test_genome_and_refutation" name="test_every_required_element_is_checked[mechanism_graph_id]" time="0.000" /><testcase classname="tests.test_genome_and_refutation" name="test_every_required_element_is_checked[prediction_gene_ids]" time="0.000" /><testcase classname="tests.test_genome_and_refutation" name="test_every_required_element_is_checked[falsifier_gene_ids]" time="0.000" /><testcase classname="tests.test_genome_and_refutation" name="test_every_required_element_is_checked[alternative_hypothesis_ids]" time="0.001" /><testcase classname="tests.test_genome_and_refutation" name="test_every_required_element_is_checked[measurement_contract_ids]" time="0.000" /><testcase classname="tests.test_genome_and_refutation" name="test_every_required_element_is_checked[evidence_pack_id]" time="0.000" /><testcase classname="tests.test_genome_and_refutation" name="test_every_required_element_is_checked[validation_plan_id]" time="0.000" /><testcase classname="tests.test_genome_and_refutation" name="test_every_required_element_is_checked[lineage_id]" time="0.000" /><testcase classname="tests.test_genome_and_refutation" name="test_incomplete_genome_cannot_enter_the_population" time="0.000" /><testcase classname="tests.test_genome_and_refutation" name="test_complete_genome_passes_the_gate" time="0.000" /><testcase classname="tests.test_genome_and_refutation" name="test_single_refutation_does_not_stand" time="0.000" /><testcase classname="tests.test_genome_and_refutation" name="test_replicated_refutation_stands" time="0.000" /><testcase classname="tests.test_genome_and_refutation" name="test_replication_threshold_is_at_least_two" time="0.000" /><testcase classname="tests.test_genome_and_refutation" name="test_unreplicated_refutation_raises_with_the_symmetry_named" time="0.000" /><testcase classname="tests.test_genome_and_refutation" name="test_refutations_of_other_candidates_do_not_count" time="0.000" /><testcase classname="tests.test_genome_and_refutation" name="test_refutations_from_other_challenges_do_not_count" time="0.000" /><testcase classname="tests.test_genome_and_refutation" name="test_survivals_never_accumulate_into_a_refutation" time="0.000" /><testcase classname="tests.test_genome_and_refutation" name="test_boundary_restrictions_stay_distinct_from_refutations" time="0.000" /><testcase classname="tests.test_genome_and_refutation" name="test_scope_restriction_also_needs_replication_to_stand" time="0.000" /><testcase classname="tests.test_governance" name="test_promotion_request_exposes_no_scalar_score_field" time="0.000" /><testcase classname="tests.test_governance" name="test_complete_evidence_promotes" time="0.003" /><testcase classname="tests.test_governance" name="test_low_risk_candidate_uses_policy_backed_not_required_gates" time="0.003" /><testcase classname="tests.test_governance" name="test_not_required_cannot_replace_a_substantive_higher_level_gate" time="0.002" /><testcase classname="tests.test_governance" name="test_gate_decisions_are_structured_hash_bound_and_complete" time="0.001" /><testcase classname="tests.test_governance" name="test_missing_grounded_evidence_is_underdetermined" time="0.002" /><testcase classname="tests.test_governance" name="test_missing_dependency_correction_is_underdetermined" time="0.002" /><testcase classname="tests.test_governance" name="test_missing_parliament_adjudication_is_underdetermined" time="0.002" /><testcase classname="tests.test_governance" name="test_missing_multiplicity_accounting_is_underdetermined" time="0.003" /><testcase classname="tests.test_governance" name="test_absent_reference_sentinel_never_accompanies_a_promotion" time="0.007" /><testcase classname="tests.test_governance" name="test_unchallenged_candidate_is_underdetermined" time="0.002" /><testcase classname="tests.test_governance" name="test_required_replication_absent_is_underdetermined" time="0.002" /><testcase classname="tests.test_governance" name="test_required_human_approval_absent_is_underdetermined" time="0.002" /><testcase classname="tests.test_governance" name="test_incompatible_method_is_underdetermined" time="0.003" /><testcase classname="tests.test_governance" name="test_leakage_blocks_even_with_complete_evidence" time="0.002" /><testcase classname="tests.test_governance" name="test_failed_hard_cascade_blocks" time="0.002" /><testcase classname="tests.test_governance" name="test_partial_cascade_is_conditional_not_promotion" time="0.002" /><testcase classname="tests.test_governance" name="test_blocker_outranks_missing_requirements" time="0.002" /><testcase classname="tests.test_governance" name="test_canonical_promotion_enum_has_exact_order" time="0.000" /><testcase classname="tests.test_governance" name="test_promote_requires_requested_and_granted_equality" time="0.003" /><testcase classname="tests.test_governance" name="test_conditional_requires_a_non_null_strictly_lower_grant" time="0.004" /><testcase classname="tests.test_governance" name="test_conditional_cannot_exceed_replication_ceiling" time="0.002" /><testcase classname="tests.test_governance" name="test_non_granting_decisions_require_null[REJECT-overrides0]" time="0.003" /><testcase classname="tests.test_governance" name="test_non_granting_decisions_require_null[UNDERDETERMINED-overrides1]" time="0.003" /><testcase classname="tests.test_governance" name="test_non_granting_decisions_require_null[BLOCKED-overrides2]" time="0.003" /><testcase classname="tests.test_governance" name="test_legacy_levels_are_not_runtime_aliases[PILOT]" time="0.001" /><testcase classname="tests.test_governance" name="test_legacy_levels_are_not_runtime_aliases[HYPOTHESIS_PASSPORT_ONLY]" time="0.001" /><testcase classname="tests.test_governance" name="test_legacy_levels_are_not_runtime_aliases[SUPPORTED]" time="0.000" /><testcase classname="tests.test_governance" name="test_legacy_levels_are_not_runtime_aliases[NONE]" time="0.000" /><testcase classname="tests.test_governance" name="test_legacy_level_migration_requires_record_specific_review" time="0.007" /><testcase classname="tests.test_governance" name="test_downgrade_or_same_level_requires_separate_reassessment" time="0.001" /><testcase classname="tests.test_governance" name="test_idempotency_key_must_bind_the_sealed_request" time="0.002" /><testcase classname="tests.test_governance" name="test_correlated_evidence_counts_as_one_unit" time="0.000" /><testcase classname="tests.test_governance" name="test_adjustment_may_only_reduce_support" time="0.000" /><testcase classname="tests.test_governance" name="test_empty_cluster_is_refused" time="0.000" /><testcase classname="tests.test_governance" name="test_independent_units_are_counted_per_cluster" time="0.000" /><testcase classname="tests.test_governance" name="test_corrected_support_sums_adjusted_counts" time="0.001" /><testcase classname="tests.test_governance_approvals" name="test_approval_records_authority_and_evidence" time="0.000" /><testcase classname="tests.test_governance_approvals" name="test_granting_approval_without_evidence_is_refused" time="0.000" /><testcase classname="tests.test_governance_approvals" name="test_granting_approval_without_a_reason_is_refused" time="0.000" /><testcase classname="tests.test_governance_approvals" name="test_open_ended_approval_is_refused" time="0.000" /><testcase classname="tests.test_governance_approvals" name="test_denial_needs_no_evidence_artifacts" time="0.001" /><testcase classname="tests.test_governance_approvals" name="test_approval_covers_only_the_reviewed_revision" time="0.000" /><testcase classname="tests.test_governance_approvals" name="test_a_denial_is_never_current_consent" time="0.000" /><testcase classname="tests.test_governance_approvals" name="test_human_cannot_override_a_non_waivable_gate" time="0.000" /><testcase classname="tests.test_governance_approvals" name="test_human_may_override_a_waivable_gate" time="0.000" /><testcase classname="tests.test_governance_approvals" name="test_decision_must_acknowledge_non_mutation" time="0.000" /><testcase classname="tests.test_governance_approvals" name="test_decision_requires_a_rationale" time="0.000" /><testcase classname="tests.test_governance_approvals" name="test_correction_invalidates_live_downstream_artifacts" time="0.000" /><testcase classname="tests.test_governance_approvals" name="test_acceptance_does_not_invalidate_downstream" time="0.000" /><testcase classname="tests.test_governance_approvals" name="test_every_corrective_decision_type_propagates[correct]" time="0.000" /><testcase classname="tests.test_governance_approvals" name="test_every_corrective_decision_type_propagates[reject]" time="0.000" /><testcase classname="tests.test_governance_approvals" name="test_every_corrective_decision_type_propagates[withdraw]" time="0.000" /><testcase classname="tests.test_governance_approvals" name="test_every_corrective_decision_type_propagates[narrow_scope]" time="0.000" /><testcase classname="tests.test_hypothesis_passport" name="test_shipped_sample_passport_validates" time="0.002" /><testcase classname="tests.test_hypothesis_passport" name="test_four_status_axes_are_present_and_distinct" time="0.001" /><testcase classname="tests.test_hypothesis_passport" name="test_underdetermined_support_cannot_carry_a_high_promotion_level" time="0.000" /><testcase classname="tests.test_hypothesis_passport" name="test_contradicted_support_cannot_be_empirically_tested" time="0.000" /><testcase classname="tests.test_hypothesis_passport" name="test_novelty_does_not_raise_epistemic_standing" time="0.000" /><testcase classname="tests.test_hypothesis_passport" name="test_entailed_with_open_objections_is_refused" time="0.000" /><testcase classname="tests.test_hypothesis_passport" name="test_build_rejects_a_collapsed_status_combination" time="0.001" /><testcase classname="tests.test_hypothesis_passport" name="test_untestable_hypothesis_cannot_advance" time="0.001" /><testcase classname="tests.test_hypothesis_passport" name="test_marking_stale_records_reasons" time="0.002" /><testcase classname="tests.test_hypothesis_passport" name="test_unexplained_staleness_is_refused" time="0.001" /><testcase classname="tests.test_hypothesis_passport" name="test_stale_passport_preserves_what_was_concluded" time="0.002" /><testcase classname="tests.test_hypothesis_passport" name="test_only_active_passports_are_reportable" time="0.002" /><testcase classname="tests.test_integration_forge_cycle" name="test_full_cycle_promotes_only_with_complete_evidence" time="0.068" /><testcase classname="tests.test_integration_forge_cycle" name="test_promotion_accepts_canonical_generated_gate_decisions" time="0.004" /><testcase classname="tests.test_integration_forge_cycle" name="test_partial_cascade_blocks_promotion_end_to_end" time="0.004" /><testcase classname="tests.test_integration_forge_cycle" name="test_failed_cascade_blocks_promotion_end_to_end" time="0.003" /><testcase classname="tests.test_integration_forge_cycle" name="test_leakage_invalidates_the_cycle" time="0.003" /><testcase classname="tests.test_integration_forge_cycle" name="test_export_is_refused_without_the_gate_the_parliament_saw" time="0.041" /><testcase classname="tests.test_integration_forge_cycle" name="test_unchallenged_candidate_cannot_promote_end_to_end" time="0.003" /><testcase classname="tests.test_integration_forge_cycle" name="test_refuted_candidate_cannot_promote_end_to_end" time="0.003" /><testcase classname="tests.test_integration_forge_cycle" name="test_inconclusive_challenge_cannot_promote_end_to_end" time="0.003" /><testcase classname="tests.test_integration_forge_cycle" name="test_surviving_every_challenge_promotes_end_to_end" time="0.003" /><testcase classname="tests.test_integration_forge_cycle" name="test_every_transition_is_recorded_in_the_ledger" time="0.049" /><testcase classname="tests.test_integration_forge_cycle" name="test_receipt_bound_promotion_commit_is_atomic" time="0.004" /><testcase classname="tests.test_integration_forge_cycle" name="test_crash_before_effect_receipt_does_not_promote" time="0.003" /><testcase classname="tests.test_integration_forge_cycle" name="test_stale_candidate_revision_fails_compare_and_swap" time="0.003" /><testcase classname="tests.test_integration_forge_cycle" name="test_same_idempotent_request_replays_the_original_result" time="0.004" /><testcase classname="tests.test_integration_forge_cycle" name="test_idempotency_key_reuse_with_different_request_conflicts" time="0.004" /><testcase classname="tests.test_integration_forge_cycle" name="test_blocked_decision_with_receipt_preserves_candidate_state" time="0.003" /><testcase classname="tests.test_invariant_label_discipline" name="test_spec_declares_a_contiguous_invariant_numbering" time="0.001" /><testcase classname="tests.test_invariant_label_discipline" name="test_manifest_ids_match_the_spec_headings" time="0.022" /><testcase classname="tests.test_invariant_label_discipline" name="test_every_cited_label_exists_in_the_spec" time="0.034" /><testcase classname="tests.test_invariant_label_discipline" name="test_no_invariant_is_cited_from_two_unrelated_test_modules" time="0.030" /><testcase classname="tests.test_invariant_label_discipline" name="test_previously_drifted_labels_keep_their_spec_title[EF4-I11-Evidence-class separation]" time="0.001" /><testcase classname="tests.test_invariant_label_discipline" name="test_previously_drifted_labels_keep_their_spec_title[EF4-I12-No self-approval]" time="0.001" /><testcase classname="tests.test_invariant_label_discipline" name="test_previously_drifted_labels_keep_their_spec_title[EF4-I51-Typed crossover]" time="0.001" /><testcase classname="tests.test_invariant_label_discipline" name="test_previously_drifted_labels_keep_their_spec_title[EF4-I52-Red Queen relevance]" time="0.001" /><testcase classname="tests.test_invariant_label_discipline" name="test_previously_drifted_labels_keep_their_spec_title[EF4-I54-Delayed reward routing]" time="0.001" /><testcase classname="tests.test_invariant_label_discipline" name="test_previously_drifted_labels_keep_their_spec_title[EF4-I55-Prompt evolution quarantine]" time="0.001" /><testcase classname="tests.test_invariant_label_discipline" name="test_previously_drifted_labels_keep_their_spec_title[EF4-I56-Evaluator updates are future-only]" time="0.001" /><testcase classname="tests.test_invariant_label_discipline" name="test_previously_drifted_labels_keep_their_spec_title[EF4-I57-Surrogate is triage only]" time="0.001" /><testcase classname="tests.test_invariant_label_discipline" name="test_previously_drifted_labels_keep_their_spec_title[EF4-I58-Replication-gated promotion]" time="0.001" /><testcase classname="tests.test_invariant_label_discipline" name="test_previously_drifted_labels_keep_their_spec_title[EF4-I60-Exact candidate reconciliation]" time="0.001" /><testcase classname="tests.test_invariant_label_discipline" name="test_previously_drifted_labels_keep_their_spec_title[EF4-I61-Atomic evolution checkpoints]" time="0.001" /><testcase classname="tests.test_invariant_label_discipline" name="test_previously_drifted_labels_keep_their_spec_title[EF4-I62-Typed stop certificate]" time="0.001" /><testcase classname="tests.test_islands_and_sandbox" name="test_i50_specialization_axes_match_the_invariant" time="0.000" /><testcase classname="tests.test_islands_and_sandbox" name="test_i50_specialization_is_axis_qualified" time="0.000" /><testcase classname="tests.test_islands_and_sandbox" name="test_i50_untyped_axis_is_refused" time="0.000" /><testcase classname="tests.test_islands_and_sandbox" name="test_i50_empty_specialization_value_is_refused" time="0.000" /><testcase classname="tests.test_islands_and_sandbox" name="test_i50_island_without_a_migration_policy_is_refused" time="0.000" /><testcase classname="tests.test_islands_and_sandbox" name="test_i50_outgoing_migrant_cannot_remain_a_resident" time="0.000" /><testcase classname="tests.test_islands_and_sandbox" name="test_i50_migration_between_comparable_islands_succeeds" time="0.001" /><testcase classname="tests.test_islands_and_sandbox" name="test_i50_both_sides_record_the_migration" time="0.001" /><testcase classname="tests.test_islands_and_sandbox" name="test_i50_one_sided_history_is_not_preserved_history" time="0.001" /><testcase classname="tests.test_islands_and_sandbox" name="test_i50_migration_across_axes_is_refused" time="0.000" /><testcase classname="tests.test_islands_and_sandbox" name="test_i50_migration_into_an_identical_specialization_is_refused" time="0.000" /><testcase classname="tests.test_islands_and_sandbox" name="test_i50_cross_run_migration_is_refused" time="0.000" /><testcase classname="tests.test_islands_and_sandbox" name="test_i50_non_resident_candidate_cannot_migrate" time="0.000" /><testcase classname="tests.test_islands_and_sandbox" name="test_i50_every_blocker_is_reported_together" time="0.000" /><testcase classname="tests.test_islands_and_sandbox" name="test_i50_receiving_a_migrant_does_not_reset_stagnation" time="0.001" /><testcase classname="tests.test_islands_and_sandbox" name="test_i64_an_unbounded_resource_is_refused[wall_clock_seconds]" time="0.000" /><testcase classname="tests.test_islands_and_sandbox" name="test_i64_an_unbounded_resource_is_refused[cpu_seconds]" time="0.000" /><testcase classname="tests.test_islands_and_sandbox" name="test_i64_an_unbounded_resource_is_refused[memory_bytes]" time="0.000" /><testcase classname="tests.test_islands_and_sandbox" name="test_i64_an_unbounded_resource_is_refused[disk_write_bytes]" time="0.000" /><testcase classname="tests.test_islands_and_sandbox" name="test_i64_an_unbounded_resource_is_refused[process_count]" time="0.000" /><testcase classname="tests.test_islands_and_sandbox" name="test_i64_zero_quota_is_not_a_bound" time="0.000" /><testcase classname="tests.test_islands_and_sandbox" name="test_i64_profile_cannot_declare_a_self_scoring_capability[evaluator_bundle_read]" time="0.000" /><testcase classname="tests.test_islands_and_sandbox" name="test_i64_profile_cannot_declare_a_self_scoring_capability[evaluator_bundle_write]" time="0.000" /><testcase classname="tests.test_islands_and_sandbox" name="test_i64_profile_cannot_declare_a_self_scoring_capability[gate_override]" time="0.000" /><testcase classname="tests.test_islands_and_sandbox" name="test_i64_profile_cannot_declare_a_self_scoring_capability[holdout_read]" time="0.000" /><testcase classname="tests.test_islands_and_sandbox" name="test_i64_profile_cannot_declare_a_self_scoring_capability[holdout_write]" time="0.000" /><testcase classname="tests.test_islands_and_sandbox" name="test_i64_profile_cannot_declare_a_self_scoring_capability[ledger_write]" time="0.000" /><testcase classname="tests.test_islands_and_sandbox" name="test_i64_profile_cannot_declare_a_self_scoring_capability[policy_write]" time="0.000" /><testcase classname="tests.test_islands_and_sandbox" name="test_i64_profile_cannot_declare_a_self_scoring_capability[promotion_write]" time="0.000" /><testcase classname="tests.test_islands_and_sandbox" name="test_i64_allowlist_policy_with_no_hosts_is_refused" time="0.000" /><testcase classname="tests.test_islands_and_sandbox" name="test_i64_allowlist_under_a_non_allowlist_policy_is_refused" time="0.000" /><testcase classname="tests.test_islands_and_sandbox" name="test_i64_undeclared_network_policy_is_refused" time="0.000" /><testcase classname="tests.test_islands_and_sandbox" name="test_i64_candidate_lease_is_always_agent_standing" time="0.000" /><testcase classname="tests.test_islands_and_sandbox" name="test_i64_holdout_read_cannot_be_leased" time="0.000" /><testcase classname="tests.test_islands_and_sandbox" name="test_i64_empty_lease_is_a_construction_bug" time="0.000" /><testcase classname="tests.test_islands_and_sandbox" name="test_i64_unexpiring_lease_is_refused" time="0.000" /><testcase classname="tests.test_islands_and_sandbox" name="test_i64_revocation_state_is_explicit" time="0.000" /><testcase classname="tests.test_islands_and_sandbox" name="test_i64_a_non_monotonic_fence_is_refused[0]" time="0.000" /><testcase classname="tests.test_islands_and_sandbox" name="test_i64_a_non_monotonic_fence_is_refused[-1]" time="0.000" /><testcase classname="tests.test_islands_and_sandbox" name="test_i64_a_non_monotonic_fence_is_refused[FT-1]" time="0.000" /><testcase classname="tests.test_islands_and_sandbox" name="test_i64_a_fully_declared_execution_is_permitted" time="0.000" /><testcase classname="tests.test_islands_and_sandbox" name="test_i64_undeclared_capability_is_denied" time="0.000" /><testcase classname="tests.test_islands_and_sandbox" name="test_i64_reachable_evaluator_bundle_denies_execution" time="0.000" /><testcase classname="tests.test_islands_and_sandbox" name="test_i64_reachable_holdout_denies_execution" time="0.000" /><testcase classname="tests.test_islands_and_sandbox" name="test_i64_expired_lease_denies_execution" time="0.000" /><testcase classname="tests.test_islands_and_sandbox" name="test_i64_revoked_lease_denies_execution" time="0.000" /><testcase classname="tests.test_islands_and_sandbox" name="test_i64_open_egress_denies_execution" time="0.000" /><testcase classname="tests.test_islands_and_sandbox" name="test_i64_refusal_lists_every_blocker_at_once" time="0.000" /><testcase classname="tests.test_islands_and_sandbox" name="test_i64_clean_execution_succeeds_and_needs_no_reconciliation" time="0.000" /><testcase classname="tests.test_islands_and_sandbox" name="test_i64_unobserved_outcome_is_unknown_not_failed" time="0.000" /><testcase classname="tests.test_islands_and_sandbox" name="test_i64_quota_kill_is_a_failure" time="0.000" /><testcase classname="tests.test_islands_and_sandbox" name="test_i64_status_is_not_a_parameter" time="0.000" /><testcase classname="tests.test_memory_and_observability" name="test_i18_in_scope_recall_is_permitted" time="0.000" /><testcase classname="tests.test_memory_and_observability" name="test_i18_disallowed_class_is_refused" time="0.000" /><testcase classname="tests.test_memory_and_observability" name="test_i18_unknown_memory_class_cannot_be_declared" time="0.000" /><testcase classname="tests.test_memory_and_observability" name="test_i18_expired_memory_is_out_of_scope" time="0.000" /><testcase classname="tests.test_memory_and_observability" name="test_i18_recall_without_consent_is_refused" time="0.000" /><testcase classname="tests.test_memory_and_observability" name="test_i18_recall_without_purpose_is_refused" time="0.001" /><testcase classname="tests.test_memory_and_observability" name="test_i18_empty_allowed_class_list_is_a_construction_bug" time="0.000" /><testcase classname="tests.test_memory_and_observability" name="test_i19_cross_workspace_recall_is_denied_by_default" time="0.000" /><testcase classname="tests.test_memory_and_observability" name="test_i19_explicit_only_requires_naming_the_foreign_workspace" time="0.000" /><testcase classname="tests.test_memory_and_observability" name="test_i19_allow_by_policy_permits_cross_workspace" time="0.000" /><testcase classname="tests.test_memory_and_observability" name="test_retrieval_receipt_records_excluded_classes" time="0.000" /><testcase classname="tests.test_memory_and_observability" name="test_i23_four_result_states_stay_distinct" time="0.000" /><testcase classname="tests.test_memory_and_observability" name="test_i23_backend_failure_is_unavailable_not_empty" time="0.000" /><testcase classname="tests.test_memory_and_observability" name="test_i23_confirmed_empty_is_a_real_finding" time="0.000" /><testcase classname="tests.test_memory_and_observability" name="test_i23_degraded_does_not_support_an_absence_claim" time="0.000" /><testcase classname="tests.test_memory_and_observability" name="test_i23_reporting_a_failure_as_a_finding_is_refused" time="0.000" /><testcase classname="tests.test_memory_and_observability" name="test_i23_honest_unavailable_passes_the_check" time="0.000" /><testcase classname="tests.test_memory_and_observability" name="test_i24_declared_algorithm_with_separate_signals_is_accepted" time="0.000" /><testcase classname="tests.test_memory_and_observability" name="test_i24_unranked_output_needs_no_algorithm" time="0.000" /><testcase classname="tests.test_memory_and_observability" name="test_i24_ranked_label_without_an_algorithm_is_refused" time="0.000" /><testcase classname="tests.test_memory_and_observability" name="test_i24_insertion_order_is_not_a_ranking" time="0.000" /><testcase classname="tests.test_memory_and_observability" name="test_i24_unknown_algorithm_is_refused" time="0.000" /><testcase classname="tests.test_memory_and_observability" name="test_i24_blended_score_hiding_a_signal_is_refused[baseline_centrality]" time="0.000" /><testcase classname="tests.test_memory_and_observability" name="test_i24_blended_score_hiding_a_signal_is_refused[query_relevance]" time="0.000" /><testcase classname="tests.test_memory_and_observability" name="test_i24_blended_score_hiding_a_signal_is_refused[risk]" time="0.000" /><testcase classname="tests.test_noetic_ledger" name="test_empty_ledger_is_intact_and_has_no_tail" time="0.002" /><testcase classname="tests.test_noetic_ledger" name="test_chain_links_sequence_and_previous_hash" time="0.184" /><testcase classname="tests.test_noetic_ledger" name="test_equal_payloads_hash_equally_and_differing_payloads_do_not" time="0.104" /><testcase classname="tests.test_noetic_ledger" name="test_tampered_payload_hash_fails_verification" time="0.028" /><testcase classname="tests.test_noetic_ledger" name="test_removed_event_breaks_the_chain" time="0.035" /><testcase classname="tests.test_noetic_ledger" name="test_reordered_events_break_the_chain" time="0.028" /><testcase classname="tests.test_noetic_ledger"
[...]
ueen_lab" name="test_round_requires_challenge_overfit_checks" time="0.001" /><testcase classname="tests.test_red_queen_lab" name="test_round_binds_match_ids_to_the_recorded_results" time="0.001" /><testcase classname="tests.test_release" name="test_i39_equivalence_and_drift_are_derived" time="0.000" /><testcase classname="tests.test_release" name="test_i39_clean_replay_is_exact" time="0.001" /><testcase classname="tests.test_release" name="test_i39_unavailable_pin_makes_the_run_not_comparable" time="0.001" /><testcase classname="tests.test_release" name="test_i39_unavailable_pin_outranks_a_clean_hash_set" time="0.001" /><testcase classname="tests.test_release" name="test_i39_hash_mismatch_is_drift" time="0.001" /><testcase classname="tests.test_release" name="test_i39_verdict_difference_is_drift" time="0.001" /><testcase classname="tests.test_release" name="test_i39_several_causes_report_multiple" time="0.001" /><testcase classname="tests.test_release" name="test_i39_unexplained_drift_is_unknown_not_none" time="0.001" /><testcase classname="tests.test_release" name="test_i39_gate_difference_is_drift_in_strict_mode" time="0.001" /><testcase classname="tests.test_release" name="test_i39_gate_difference_is_semantic_equivalence_in_semantic_mode" time="0.001" /><testcase classname="tests.test_release" name="test_i39_required_pin_categories_cover_the_invariant" time="0.000" /><testcase classname="tests.test_release" name="test_i37_status_is_derived_from_the_checks" time="0.001" /><testcase classname="tests.test_release" name="test_i37_unchecked_source_is_not_trusted" time="0.000" /><testcase classname="tests.test_release" name="test_i37_quarantine_outranks_a_passing_check" time="0.001" /><testcase classname="tests.test_release" name="test_i37_ordinary_check_failure_is_fail_not_quarantine" time="0.001" /><testcase classname="tests.test_release" name="test_i37_extraction_permission_does_not_imply_verbatim_export" time="0.001" /><testcase classname="tests.test_release" name="test_i37_permissive_licence_allows_verbatim_export" time="0.001" /><testcase classname="tests.test_release" name="test_i37_unrecognized_licence_is_not_permissive" time="0.001" /><testcase classname="tests.test_release" name="test_i37_forbidden_export_raises_with_the_licence_named" time="0.001" /><testcase classname="tests.test_release" name="test_i37_deletion_propagates_transitively" time="0.000" /><testcase classname="tests.test_release" name="test_i37_deletion_of_an_unreferenced_document_is_empty" time="0.000" /><testcase classname="tests.test_search_statistics_record" name="test_i53_every_required_artifact_is_named_by_the_spec" time="0.000" /><testcase classname="tests.test_search_statistics_record" name="test_i53_a_complete_record_binds_all_five_artifacts" time="0.001" /><testcase classname="tests.test_search_statistics_record" name="test_i53_a_missing_artifact_is_refused_by_name[hidden_exposure_log_id]" time="0.001" /><testcase classname="tests.test_search_statistics_record" name="test_i53_a_missing_artifact_is_refused_by_name[candidate_lineage_id]" time="0.001" /><testcase classname="tests.test_search_statistics_record" name="test_i53_a_missing_artifact_is_refused_by_name[replication_result_id]" time="0.001" /><testcase classname="tests.test_search_statistics_record" name="test_i53_an_empty_id_does_not_satisfy_key_presence" time="0.001" /><testcase classname="tests.test_search_statistics_record" name="test_i53_ledger_for_another_family_is_refused" time="0.001" /><testcase classname="tests.test_search_statistics_record" name="test_i53_adjustment_for_another_family_is_refused" time="0.001" /><testcase classname="tests.test_search_statistics_record" name="test_i53_report_for_another_candidate_is_refused" time="0.001" /><testcase classname="tests.test_search_statistics_record" name="test_i53_every_mismatch_is_reported_together" time="0.001" /><testcase classname="tests.test_search_statistics_record" name="test_i53_correcting_for_fewer_tests_than_looks_is_refused" time="0.001" /><testcase classname="tests.test_search_statistics_record" name="test_i53_selection_events_are_carried_onto_the_record" time="0.001" /><testcase classname="tests.test_search_statistics_record" name="test_i53_a_complete_low_risk_record_permits_promotion" time="0.001" /><testcase classname="tests.test_search_statistics_record" name="test_i53_heavy_selection_without_replication_does_not_permit_promotion" time="0.001" /><testcase classname="tests.test_search_statistics_record" name="test_i53_an_incomplete_record_cannot_pass_on_a_copied_recommendation" time="0.001" /><testcase classname="tests.test_security" name="test_i21_fully_vetted_skill_may_activate" time="0.000" /><testcase classname="tests.test_security" name="test_i21_unpinned_skill_is_refused" time="0.000" /><testcase classname="tests.test_security" name="test_i21_non_sha256_pin_is_refused" time="0.000" /><testcase classname="tests.test_security" name="test_i21_quarantined_skill_is_refused" time="0.000" /><testcase classname="tests.test_security" name="test_i21_uninspected_and_unapproved_are_refused" time="0.000" /><testcase classname="tests.test_security" name="test_i21_absent_permissions_are_not_treated_as_none" time="0.000" /><testcase classname="tests.test_security" name="test_i21_empty_permission_list_is_an_explicit_choice" time="0.000" /><testcase classname="tests.test_security" name="test_i21_every_blocker_is_reported_at_once" time="0.000" /><testcase classname="tests.test_security" name="test_i21_lockfile_refuses_a_non_activatable_entry" time="0.000" /><testcase classname="tests.test_security" name="test_i21_review_without_a_named_approver_is_refused" time="0.000" /><testcase classname="tests.test_security" name="test_i21_pending_review_status_is_refused" time="0.000" /><testcase classname="tests.test_security" name="test_i21_lockfile_seals_vetted_skills" time="0.001" /><testcase classname="tests.test_security" name="test_i25_plan_requires_a_complete_rolespec" time="0.000" /><testcase classname="tests.test_security" name="test_i25_every_acl_field_is_required[tool_acl]" time="0.001" /><testcase classname="tests.test_security" name="test_i25_every_acl_field_is_required[write_scope]" time="0.001" /><testcase classname="tests.test_security" name="test_i25_every_acl_field_is_required[budget_tokens]" time="0.001" /><testcase classname="tests.test_security" name="test_i25_every_acl_field_is_required[independence_group]" time="0.000" /><testcase classname="tests.test_security" name="test_i25_every_acl_field_is_required[read_scope]" time="0.000" /><testcase classname="tests.test_security" name="test_i25_expected_count_defaults_to_the_role_count" time="0.001" /><testcase classname="tests.test_security" name="test_i25_empty_plan_is_refused" time="0.000" /><testcase classname="tests.test_security" name="test_i25_full_completion_reconciles" time="0.001" /><testcase classname="tests.test_security" name="test_i25_dropped_worker_is_reported_as_missing" time="0.001" /><testcase classname="tests.test_security" name="test_i25_failed_worker_is_accounted_but_not_success" time="0.001" /><testcase classname="tests.test_security" name="test_i25_double_counted_identity_is_refused" time="0.001" /><testcase classname="tests.test_security" name="test_i25_over_reporting_is_not_success" time="0.001" /><testcase classname="tests.test_security" name="test_i25_quorum_policy_accepts_partial_completion" time="0.001" /><testcase classname="tests.test_shinka_adapter" name="test_pinned_manifest_is_accepted" time="0.001" /><testcase classname="tests.test_shinka_adapter" name="test_floating_revision_is_refused[main]" time="0.000" /><testcase classname="tests.test_shinka_adapter" name="test_floating_revision_is_refused[HEAD]" time="0.000" /><testcase classname="tests.test_shinka_adapter" name="test_floating_revision_is_refused[latest]" time="0.001" /><testcase classname="tests.test_shinka_adapter" name="test_floating_revision_is_refused[master]" time="0.000" /><testcase classname="tests.test_shinka_adapter" name="test_floating_revision_is_refused[]" time="0.000" /><testcase classname="tests.test_shinka_adapter" name="test_missing_license_is_refused" time="0.000" /><testcase classname="tests.test_shinka_adapter" name="test_omitted_capability_dimension_is_refused" time="0.001" /><testcase classname="tests.test_shinka_adapter" name="test_qualified_requires_the_critical_capabilities[sandbox_isolation]" time="0.001" /><testcase classname="tests.test_shinka_adapter" name="test_qualified_requires_the_critical_capabilities[effect_receipts]" time="0.001" /><testcase classname="tests.test_shinka_adapter" name="test_qualified_requires_the_critical_capabilities[evaluator_separation]" time="0.001" /><testcase classname="tests.test_shinka_adapter" name="test_failing_backend_may_still_be_recorded_as_conditional" time="0.001" /><testcase classname="tests.test_shinka_adapter" name="test_rejected_backend_may_not_be_used" time="0.001" /><testcase classname="tests.test_shinka_adapter" name="test_conditional_backend_may_be_used" time="0.001" /><testcase classname="tests.test_shinka_adapter" name="test_qualification_for_another_manifest_is_refused" time="0.001" /><testcase classname="tests.test_shinka_adapter" name="test_known_signals_map_to_advisory_only" time="0.000" /><testcase classname="tests.test_shinka_adapter" name="test_there_is_no_evidence_bucket" time="0.000" /><testcase classname="tests.test_shinka_adapter" name="test_unknown_signal_fails_closed" time="0.000" /><testcase classname="tests.test_shinka_adapter" name="test_backend_correct_flag_is_advisory_not_authority" time="0.000" /><testcase classname="tests.test_shinka_adapter" name="test_empty_signal_set_is_allowed" time="0.000" /><testcase classname="tests.test_statistics" name="test_looks_spend_the_error_budget" time="0.000" /><testcase classname="tests.test_statistics" name="test_remaining_budget_never_goes_negative" time="0.000" /><testcase classname="tests.test_statistics" name="test_spend_field_matches_the_schema" time="0.000" /><testcase classname="tests.test_statistics" name="test_selection_history_can_actually_be_recorded" time="0.000" /><testcase classname="tests.test_statistics" name="test_overspent_ledger_is_refused" time="0.000" /><testcase classname="tests.test_statistics" name="test_fixed_horizon_cannot_take_repeated_looks" time="0.000" /><testcase classname="tests.test_statistics" name="test_fixed_horizon_with_one_look_is_fine" time="0.000" /><testcase classname="tests.test_statistics" name="test_zero_budget_ledger_is_refused" time="0.000" /><testcase classname="tests.test_statistics" name="test_further_look_is_refused_once_budget_is_gone" time="0.000" /><testcase classname="tests.test_statistics" name="test_affordable_look_is_permitted" time="0.000" /><testcase classname="tests.test_statistics" name="test_replication_is_what_lowers_winner_curse_risk" time="0.000" /><testcase classname="tests.test_statistics" name="test_heavy_search_without_replication_is_high_risk" time="0.000" /><testcase classname="tests.test_statistics" name="test_small_search_with_one_replication_is_low_risk" time="0.000" /><testcase classname="tests.test_statistics" name="test_no_candidates_yields_unknown_risk" time="0.000" /><testcase classname="tests.test_statistics" name="test_report_derives_risk_and_recommendation" time="0.000" /><testcase classname="tests.test_statistics" name="test_heavy_selection_without_replication_blocks" time="0.000" /><testcase classname="tests.test_statistics" name="test_heavy_selection_with_replication_requires_replicate_first" time="0.000" /><testcase classname="tests.test_statistics" name="test_light_selection_with_replication_allows" time="0.000" /><testcase classname="tests.test_statistics" name="test_correction_may_not_inflate_the_estimate" time="0.000" /><testcase classname="tests.test_statistics" name="test_correction_may_shrink_toward_zero" time="0.000" /><testcase classname="tests.test_statistics" name="test_unnamed_correction_method_is_refused" time="0.000" /><testcase classname="tests.test_statistics" name="test_independent_tests_keep_their_full_count" time="0.000" /><testcase classname="tests.test_statistics" name="test_perfectly_correlated_tests_collapse_to_one" time="0.000" /><testcase classname="tests.test_statistics" name="test_partial_correlation_interpolates" time="0.000" /><testcase classname="tests.test_statistics" name="test_effective_count_never_exceeds_the_raw_count" time="0.000" /><testcase classname="tests.test_statistics" name="test_zero_tests_is_refused" time="0.000" /><testcase classname="tests.test_statistics" name="test_adjustment_records_effective_count" time="0.000" /><testcase classname="tests.test_statistics" name="test_adjustment_without_assumptions_is_refused" time="0.000" /><testcase classname="tests.test_statistics" name="test_invalid_error_rate_is_refused[0.0]" time="0.000" /><testcase classname="tests.test_statistics" name="test_invalid_error_rate_is_refused[1.0]" time="0.000" /><testcase classname="tests.test_statistics" name="test_invalid_error_rate_is_refused[-0.1]" time="0.000" /><testcase classname="tests.test_statistics" name="test_invalid_error_rate_is_refused[1.5]" time="0.000" /><testcase classname="tests.test_updates" name="test_i31_compatible_migration_is_accepted" time="0.001" /><testcase classname="tests.test_updates" name="test_i31_breaking_migration_needs_a_reverse_transform" time="0.000" /><testcase classname="tests.test_updates" name="test_i31_breaking_migration_needs_human_approval" time="0.001" /><testcase classname="tests.test_updates" name="test_i31_data_lossy_migration_needs_approval_even_if_compatible" time="0.000" /><testcase classname="tests.test_updates" name="test_i31_migration_without_fixtures_is_refused" time="0.000" /><testcase classname="tests.test_updates" name="test_i31_migration_without_postconditions_is_refused" time="0.000" /><testcase classname="tests.test_updates" name="test_i31_no_op_version_change_is_refused" time="0.000" /><testcase classname="tests.test_updates" name="test_i31_data_loss_defeats_reversibility" time="0.000" /><testcase classname="tests.test_updates" name="test_i31_breaking_change_requires_hook_retrust" time="0.000" /><testcase classname="tests.test_updates" name="test_i31_absence_sentinel_never_reads_as_approval" time="0.000" /><testcase classname="tests.test_updates" name="test_i38_closure_follows_the_whole_chain" time="0.000" /><testcase classname="tests.test_updates" name="test_i38_closure_tolerates_a_cycle" time="0.000" /><testcase classname="tests.test_updates" name="test_i38_closure_of_a_leaf_is_empty" time="0.000" /><testcase classname="tests.test_updates" name="test_i38_retraction_invalidates_every_affected_artifact" time="0.000" /><testcase classname="tests.test_updates" name="test_i38_invalidating_trigger_cannot_invalidate_nothing" time="0.000" /><testcase classname="tests.test_updates" name="test_i38_new_document_prompts_reassessment_not_invalidation" time="0.000" /><testcase classname="tests.test_updates" name="test_i38_new_document_may_require_no_action" time="0.000" /><testcase classname="tests.test_updates" name="test_i38_invalidation_cannot_require_no_action" time="0.000" /><testcase classname="tests.test_updates" name="test_i38_every_invalidating_trigger_propagates[document_correction]" time="0.035" /><testcase classname="tests.test_updates" name="test_i38_every_invalidating_trigger_propagates[document_retraction]" time="0.001" /><testcase classname="tests.test_updates" name="test_i38_every_invalidating_trigger_propagates[claim_correction]" time="0.001" /><testcase classname="tests.test_updates" name="test_i38_every_invalidating_trigger_propagates[ontology_update]" time="0.001" /><testcase classname="tests.test_updates" name="test_i38_every_invalidating_trigger_propagates[policy_update]" time="0.001" /><testcase classname="tests.test_updates" name="test_i38_every_invalidating_trigger_propagates[schema_migration]" time="0.001" /><testcase classname="tests.test_updates" name="test_i38_report_without_required_actions_is_refused" time="0.000" /><testcase classname="tests.test_validation_bay" name="test_plan_requires_at_least_one_stage" time="0.000" /><testcase classname="tests.test_validation_bay" name="test_overcommitted_budget_is_refused" time="0.000" /><testcase classname="tests.test_validation_bay" name="test_duplicate_stage_ids_are_refused" time="0.000" /><testcase classname="tests.test_validation_bay" name="test_first_stage_runs_first" time="0.001" /><testcase classname="tests.test_validation_bay" name="test_cascade_advances_in_plan_order" time="0.001" /><testcase classname="tests.test_validation_bay" name="test_cascade_stops_after_a_hard_failure" time="0.001" /><testcase classname="tests.test_validation_bay" name="test_running_a_stage_after_a_failure_is_a_violation" time="0.001" /><testcase classname="tests.test_validation_bay" name="test_unknown_stage_result_is_refused" time="0.001" /><testcase classname="tests.test_validation_bay" name="test_fully_passing_cascade_is_pass" time="0.001" /><testcase classname="tests.test_validation_bay" name="test_unrun_stage_keeps_the_cascade_partial" time="0.001" /><testcase classname="tests.test_validation_bay" name="test_empty_results_are_partial_not_pass" time="0.001" /><testcase classname="tests.test_validation_bay" name="test_any_hard_failure_makes_the_cascade_fail" time="0.001" /><testcase classname="tests.test_validation_bay" name="test_blocked_and_error_are_failures_not_gaps" time="0.001" /><testcase classname="tests.test_validation_bay" name="test_partial_stage_keeps_the_cascade_partial" time="0.001" /><testcase classname="tests.test_validation_bay" name="test_aggregated_status_feeds_the_promotion_authority" time="0.001" /><testcase classname="tests.test_verifier_firewall" name="test_sealed_bundle_is_candidate_unreadable_and_immutable" time="0.001" /><testcase classname="tests.test_verifier_firewall" name="test_holdout_defaults_to_no_candidate_access" time="0.001" /><testcase classname="tests.test_verifier_firewall" name="test_firewall_refuses_a_candidate_readable_bundle" time="0.001" /><testcase classname="tests.test_verifier_firewall" name="test_firewall_refuses_a_run_mutable_bundle" time="0.001" /><testcase classname="tests.test_verifier_firewall" name="test_firewall_refuses_a_mismatched_holdout_binding" time="0.001" /><testcase classname="tests.test_verifier_firewall" name="test_sealed_bundle_verifies_against_itself" time="0.001" /><testcase classname="tests.test_verifier_firewall" name="test_metric_swap_is_detected_as_drift" time="0.001" /><testcase classname="tests.test_verifier_firewall" name="test_drift_detection_ignores_a_rewritten_bundle_hash" time="0.001" /><testcase classname="tests.test_verifier_firewall" name="test_listed_validator_may_read_the_holdout" time="0.001" /><testcase classname="tests.test_verifier_firewall" name="test_unlisted_principal_is_denied" time="0.001" /><testcase classname="tests.test_verifier_firewall" name="test_candidate_generating_role_is_denied_even_when_allowlisted" time="0.001" /><testcase classname="tests.test_verifier_firewall" name="test_search_backend_is_treated_as_a_generator" time="0.001" /><testcase classname="tests.test_verifier_firewall" name="test_leakage_reports_the_touched_holdout_datasets" time="0.001" /><testcase classname="tests.test_wire_literal_discipline" name="test_shared_vocabularies_are_declared_in_exactly_one_module" time="0.143" /><testcase classname="tests.test_wire_literal_discipline" name="test_each_shared_vocabulary_is_actually_declared_somewhere" time="0.004" /><testcase classname="tests.test_wire_literal_discipline" name="test_receipt_actor_literal_matches_the_enum" time="0.000" /><testcase classname="tests.test_wire_literal_discipline" name="test_every_module_holding_schema_vocabulary_is_a_declared_owner" time="0.053" /><testcase classname="tests.test_wire_literal_discipline" name="test_the_scan_actually_finds_schema_vocabulary" time="0.006" /></testsuite></testsuites>